CRITICAL - 2024-06-23 03:52:23 --> ErrorException: Undefined variable $title
[Method: GET, Route: /]
in APPPATH\Views\layouts\main.php on line 7.
 1 APPPATH\Views\layouts\main.php(7): CodeIgniter\Debug\Exceptions->errorHandler(2, 'Undefined variable $title', 'C:\\xampp\\htdocs\\tb-smt5\\app\\Views\\layouts\\main.php', 7)
 2 SYSTEMPATH\View\View.php(234): include('C:\\xampp\\htdocs\\tb-smt5\\app\\Views\\layouts\\main.php')
 3 SYSTEMPATH\View\View.php(237): CodeIgniter\View\View->CodeIgniter\View\{closure}()
 4 SYSTEMPATH\View\View.php(250): CodeIgniter\View\View->render('layouts/main', [], true)
 5 SYSTEMPATH\Common.php(1171): CodeIgniter\View\View->render('pages/home/index', [], true)
 6 APPPATH\Controllers\HomeController.php(9): view('pages/home/index')
 7 SYSTEMPATH\CodeIgniter.php(933): App\Controllers\HomeController->index()
 8 SYSTEMPATH\CodeIgniter.php(509): CodeIgniter\CodeIgniter->runController(Object(App\Controllers\HomeController))
 9 SYSTEMPATH\CodeIgniter.php(355): CodeIgniter\CodeIgniter->handleRequest(null, Object(Config\Cache), false)
10 SYSTEMPATH\Boot.php(325): CodeIgniter\CodeIgniter->run()
11 SYSTEMPATH\Boot.php(67): CodeIgniter\Boot::runCodeIgniter(Object(CodeIgniter\CodeIgniter))
12 FCPATH\index.php(56): CodeIgniter\Boot::bootWeb(Object(Config\Paths))
13 SYSTEMPATH\Commands\Server\rewrite.php(49): require_once('C:\\xampp\\htdocs\\tb-smt5\\public\\index.php')
CRITICAL - 2024-06-23 03:52:27 --> ErrorException: Undefined variable $title
[Method: GET, Route: /]
in APPPATH\Views\layouts\main.php on line 7.
 1 APPPATH\Views\layouts\main.php(7): CodeIgniter\Debug\Exceptions->errorHandler(2, 'Undefined variable $title', 'C:\\xampp\\htdocs\\tb-smt5\\app\\Views\\layouts\\main.php', 7)
 2 SYSTEMPATH\View\View.php(234): include('C:\\xampp\\htdocs\\tb-smt5\\app\\Views\\layouts\\main.php')
 3 SYSTEMPATH\View\View.php(237): CodeIgniter\View\View->CodeIgniter\View\{closure}()
 4 SYSTEMPATH\View\View.php(250): CodeIgniter\View\View->render('layouts/main', [], true)
 5 SYSTEMPATH\Common.php(1171): CodeIgniter\View\View->render('pages/home/index', [], true)
 6 APPPATH\Controllers\HomeController.php(9): view('pages/home/index')
 7 SYSTEMPATH\CodeIgniter.php(933): App\Controllers\HomeController->index()
 8 SYSTEMPATH\CodeIgniter.php(509): CodeIgniter\CodeIgniter->runController(Object(App\Controllers\HomeController))
 9 SYSTEMPATH\CodeIgniter.php(355): CodeIgniter\CodeIgniter->handleRequest(null, Object(Config\Cache), false)
10 SYSTEMPATH\Boot.php(325): CodeIgniter\CodeIgniter->run()
11 SYSTEMPATH\Boot.php(67): CodeIgniter\Boot::runCodeIgniter(Object(CodeIgniter\CodeIgniter))
12 FCPATH\index.php(56): CodeIgniter\Boot::bootWeb(Object(Config\Paths))
13 SYSTEMPATH\Commands\Server\rewrite.php(49): require_once('C:\\xampp\\htdocs\\tb-smt5\\public\\index.php')
CRITICAL - 2024-06-23 03:53:15 --> ErrorException: Undefined variable $title
[Method: GET, Route: /]
in APPPATH\Views\layouts\main.php on line 7.
 1 APPPATH\Views\layouts\main.php(7): CodeIgniter\Debug\Exceptions->errorHandler(2, 'Undefined variable $title', 'C:\\xampp\\htdocs\\tb-smt5\\app\\Views\\layouts\\main.php', 7)
 2 SYSTEMPATH\View\View.php(234): include('C:\\xampp\\htdocs\\tb-smt5\\app\\Views\\layouts\\main.php')
 3 SYSTEMPATH\View\View.php(237): CodeIgniter\View\View->CodeIgniter\View\{closure}()
 4 SYSTEMPATH\View\View.php(250): CodeIgniter\View\View->render('layouts/main', [], true)
 5 SYSTEMPATH\Common.php(1171): CodeIgniter\View\View->render('pages/home/index', [], true)
 6 APPPATH\Controllers\HomeController.php(9): view('pages/home/index')
 7 SYSTEMPATH\CodeIgniter.php(933): App\Controllers\HomeController->index()
 8 SYSTEMPATH\CodeIgniter.php(509): CodeIgniter\CodeIgniter->runController(Object(App\Controllers\HomeController))
 9 SYSTEMPATH\CodeIgniter.php(355): CodeIgniter\CodeIgniter->handleRequest(null, Object(Config\Cache), false)
10 SYSTEMPATH\Boot.php(325): CodeIgniter\CodeIgniter->run()
11 SYSTEMPATH\Boot.php(67): CodeIgniter\Boot::runCodeIgniter(Object(CodeIgniter\CodeIgniter))
12 FCPATH\index.php(56): CodeIgniter\Boot::bootWeb(Object(Config\Paths))
13 SYSTEMPATH\Commands\Server\rewrite.php(49): require_once('C:\\xampp\\htdocs\\tb-smt5\\public\\index.php')
CRITICAL - 2024-06-23 04:05:51 --> CodeIgniter\View\Exceptions\ViewException: Invalid file: "components/toast.php"
[Method: GET, Route: /]
in SYSTEMPATH\Exceptions\FrameworkException.php on line 41.
 1 SYSTEMPATH\View\View.php(222): CodeIgniter\Exceptions\FrameworkException::forInvalidFile('components/toast.php')
 2 SYSTEMPATH\View\View.php(487): CodeIgniter\View\View->render('components/toast', null, true)
 3 APPPATH\Views\components\topbar.php(36): CodeIgniter\View\View->include('components/toast')
 4 SYSTEMPATH\View\View.php(234): include('C:\\xampp\\htdocs\\tb-smt5\\app\\Views\\components\\topbar.php')
 5 SYSTEMPATH\View\View.php(237): CodeIgniter\View\View->CodeIgniter\View\{closure}()
 6 SYSTEMPATH\View\View.php(487): CodeIgniter\View\View->render('components/topbar', null, true)
 7 APPPATH\Views\layouts\main.php(36): CodeIgniter\View\View->include('components/topbar')
 8 SYSTEMPATH\View\View.php(234): include('C:\\xampp\\htdocs\\tb-smt5\\app\\Views\\layouts\\main.php')
 9 SYSTEMPATH\View\View.php(237): CodeIgniter\View\View->CodeIgniter\View\{closure}()
10 SYSTEMPATH\View\View.php(250): CodeIgniter\View\View->render('layouts/main', [], true)
11 SYSTEMPATH\Common.php(1171): CodeIgniter\View\View->render('pages/home/index', [], true)
12 APPPATH\Controllers\HomeController.php(13): view('pages/home/index', [...])
13 SYSTEMPATH\CodeIgniter.php(933): App\Controllers\HomeController->index()
14 SYSTEMPATH\CodeIgniter.php(509): CodeIgniter\CodeIgniter->runController(Object(App\Controllers\HomeController))
15 SYSTEMPATH\CodeIgniter.php(355): CodeIgniter\CodeIgniter->handleRequest(null, Object(Config\Cache), false)
16 SYSTEMPATH\Boot.php(325): CodeIgniter\CodeIgniter->run()
17 SYSTEMPATH\Boot.php(67): CodeIgniter\Boot::runCodeIgniter(Object(CodeIgniter\CodeIgniter))
18 FCPATH\index.php(56): CodeIgniter\Boot::bootWeb(Object(Config\Paths))
19 SYSTEMPATH\Commands\Server\rewrite.php(49): require_once('C:\\xampp\\htdocs\\tb-smt5\\public\\index.php')
CRITICAL - 2024-06-23 04:05:54 --> CodeIgniter\View\Exceptions\ViewException: Invalid file: "components/toast.php"
[Method: GET, Route: /]
in SYSTEMPATH\Exceptions\FrameworkException.php on line 41.
 1 SYSTEMPATH\View\View.php(222): CodeIgniter\Exceptions\FrameworkException::forInvalidFile('components/toast.php')
 2 SYSTEMPATH\View\View.php(487): CodeIgniter\View\View->render('components/toast', null, true)
 3 APPPATH\Views\components\topbar.php(36): CodeIgniter\View\View->include('components/toast')
 4 SYSTEMPATH\View\View.php(234): include('C:\\xampp\\htdocs\\tb-smt5\\app\\Views\\components\\topbar.php')
 5 SYSTEMPATH\View\View.php(237): CodeIgniter\View\View->CodeIgniter\View\{closure}()
 6 SYSTEMPATH\View\View.php(487): CodeIgniter\View\View->render('components/topbar', null, true)
 7 APPPATH\Views\layouts\main.php(36): CodeIgniter\View\View->include('components/topbar')
 8 SYSTEMPATH\View\View.php(234): include('C:\\xampp\\htdocs\\tb-smt5\\app\\Views\\layouts\\main.php')
 9 SYSTEMPATH\View\View.php(237): CodeIgniter\View\View->CodeIgniter\View\{closure}()
10 SYSTEMPATH\View\View.php(250): CodeIgniter\View\View->render('layouts/main', [], true)
11 SYSTEMPATH\Common.php(1171): CodeIgniter\View\View->render('pages/home/index', [], true)
12 APPPATH\Controllers\HomeController.php(13): view('pages/home/index', [...])
13 SYSTEMPATH\CodeIgniter.php(933): App\Controllers\HomeController->index()
14 SYSTEMPATH\CodeIgniter.php(509): CodeIgniter\CodeIgniter->runController(Object(App\Controllers\HomeController))
15 SYSTEMPATH\CodeIgniter.php(355): CodeIgniter\CodeIgniter->handleRequest(null, Object(Config\Cache), false)
16 SYSTEMPATH\Boot.php(325): CodeIgniter\CodeIgniter->run()
17 SYSTEMPATH\Boot.php(67): CodeIgniter\Boot::runCodeIgniter(Object(CodeIgniter\CodeIgniter))
18 FCPATH\index.php(56): CodeIgniter\Boot::bootWeb(Object(Config\Paths))
19 SYSTEMPATH\Commands\Server\rewrite.php(49): require_once('C:\\xampp\\htdocs\\tb-smt5\\public\\index.php')
CRITICAL - 2024-06-23 04:06:18 --> CodeIgniter\View\Exceptions\ViewException: Invalid file: "components/toast.php"
[Method: GET, Route: /]
in SYSTEMPATH\Exceptions\FrameworkException.php on line 41.
 1 SYSTEMPATH\View\View.php(222): CodeIgniter\Exceptions\FrameworkException::forInvalidFile('components/toast.php')
 2 SYSTEMPATH\View\View.php(487): CodeIgniter\View\View->render('components/toast', null, true)
 3 APPPATH\Views\components\topbar.php(36): CodeIgniter\View\View->include('components/toast')
 4 SYSTEMPATH\View\View.php(234): include('C:\\xampp\\htdocs\\tb-smt5\\app\\Views\\components\\topbar.php')
 5 SYSTEMPATH\View\View.php(237): CodeIgniter\View\View->CodeIgniter\View\{closure}()
 6 SYSTEMPATH\View\View.php(487): CodeIgniter\View\View->render('components/topbar', null, true)
 7 APPPATH\Views\layouts\main.php(36): CodeIgniter\View\View->include('components/topbar')
 8 SYSTEMPATH\View\View.php(234): include('C:\\xampp\\htdocs\\tb-smt5\\app\\Views\\layouts\\main.php')
 9 SYSTEMPATH\View\View.php(237): CodeIgniter\View\View->CodeIgniter\View\{closure}()
10 SYSTEMPATH\View\View.php(250): CodeIgniter\View\View->render('layouts/main', [], true)
11 SYSTEMPATH\Common.php(1171): CodeIgniter\View\View->render('pages/home/index', [], true)
12 APPPATH\Controllers\HomeController.php(13): view('pages/home/index', [...])
13 SYSTEMPATH\CodeIgniter.php(933): App\Controllers\HomeController->index()
14 SYSTEMPATH\CodeIgniter.php(509): CodeIgniter\CodeIgniter->runController(Object(App\Controllers\HomeController))
15 SYSTEMPATH\CodeIgniter.php(355): CodeIgniter\CodeIgniter->handleRequest(null, Object(Config\Cache), false)
16 SYSTEMPATH\Boot.php(325): CodeIgniter\CodeIgniter->run()
17 SYSTEMPATH\Boot.php(67): CodeIgniter\Boot::runCodeIgniter(Object(CodeIgniter\CodeIgniter))
18 FCPATH\index.php(56): CodeIgniter\Boot::bootWeb(Object(Config\Paths))
19 SYSTEMPATH\Commands\Server\rewrite.php(49): require_once('C:\\xampp\\htdocs\\tb-smt5\\public\\index.php')
CRITICAL - 2024-06-23 04:06:20 --> CodeIgniter\View\Exceptions\ViewException: Invalid file: "components/toast.php"
[Method: GET, Route: /]
in SYSTEMPATH\Exceptions\FrameworkException.php on line 41.
 1 SYSTEMPATH\View\View.php(222): CodeIgniter\Exceptions\FrameworkException::forInvalidFile('components/toast.php')
 2 SYSTEMPATH\View\View.php(487): CodeIgniter\View\View->render('components/toast', null, true)
 3 APPPATH\Views\components\topbar.php(36): CodeIgniter\View\View->include('components/toast')
 4 SYSTEMPATH\View\View.php(234): include('C:\\xampp\\htdocs\\tb-smt5\\app\\Views\\components\\topbar.php')
 5 SYSTEMPATH\View\View.php(237): CodeIgniter\View\View->CodeIgniter\View\{closure}()
 6 SYSTEMPATH\View\View.php(487): CodeIgniter\View\View->render('components/topbar', null, true)
 7 APPPATH\Views\layouts\main.php(36): CodeIgniter\View\View->include('components/topbar')
 8 SYSTEMPATH\View\View.php(234): include('C:\\xampp\\htdocs\\tb-smt5\\app\\Views\\layouts\\main.php')
 9 SYSTEMPATH\View\View.php(237): CodeIgniter\View\View->CodeIgniter\View\{closure}()
10 SYSTEMPATH\View\View.php(250): CodeIgniter\View\View->render('layouts/main', [], true)
11 SYSTEMPATH\Common.php(1171): CodeIgniter\View\View->render('pages/home/index', [], true)
12 APPPATH\Controllers\HomeController.php(13): view('pages/home/index', [...])
13 SYSTEMPATH\CodeIgniter.php(933): App\Controllers\HomeController->index()
14 SYSTEMPATH\CodeIgniter.php(509): CodeIgniter\CodeIgniter->runController(Object(App\Controllers\HomeController))
15 SYSTEMPATH\CodeIgniter.php(355): CodeIgniter\CodeIgniter->handleRequest(null, Object(Config\Cache), false)
16 SYSTEMPATH\Boot.php(325): CodeIgniter\CodeIgniter->run()
17 SYSTEMPATH\Boot.php(67): CodeIgniter\Boot::runCodeIgniter(Object(CodeIgniter\CodeIgniter))
18 FCPATH\index.php(56): CodeIgniter\Boot::bootWeb(Object(Config\Paths))
19 SYSTEMPATH\Commands\Server\rewrite.php(49): require_once('C:\\xampp\\htdocs\\tb-smt5\\public\\index.php')
CRITICAL - 2024-06-23 04:06:24 --> CodeIgniter\View\Exceptions\ViewException: Invalid file: "components/toast.php"
[Method: GET, Route: /]
in SYSTEMPATH\Exceptions\FrameworkException.php on line 41.
 1 SYSTEMPATH\View\View.php(222): CodeIgniter\Exceptions\FrameworkException::forInvalidFile('components/toast.php')
 2 SYSTEMPATH\View\View.php(487): CodeIgniter\View\View->render('components/toast', null, true)
 3 APPPATH\Views\components\topbar.php(36): CodeIgniter\View\View->include('components/toast')
 4 SYSTEMPATH\View\View.php(234): include('C:\\xampp\\htdocs\\tb-smt5\\app\\Views\\components\\topbar.php')
 5 SYSTEMPATH\View\View.php(237): CodeIgniter\View\View->CodeIgniter\View\{closure}()
 6 SYSTEMPATH\View\View.php(487): CodeIgniter\View\View->render('components/topbar', null, true)
 7 APPPATH\Views\layouts\main.php(36): CodeIgniter\View\View->include('components/topbar')
 8 SYSTEMPATH\View\View.php(234): include('C:\\xampp\\htdocs\\tb-smt5\\app\\Views\\layouts\\main.php')
 9 SYSTEMPATH\View\View.php(237): CodeIgniter\View\View->CodeIgniter\View\{closure}()
10 SYSTEMPATH\View\View.php(250): CodeIgniter\View\View->render('layouts/main', [], true)
11 SYSTEMPATH\Common.php(1171): CodeIgniter\View\View->render('pages/home/index', [], true)
12 APPPATH\Controllers\HomeController.php(13): view('pages/home/index', [...])
13 SYSTEMPATH\CodeIgniter.php(933): App\Controllers\HomeController->index()
14 SYSTEMPATH\CodeIgniter.php(509): CodeIgniter\CodeIgniter->runController(Object(App\Controllers\HomeController))
15 SYSTEMPATH\CodeIgniter.php(355): CodeIgniter\CodeIgniter->handleRequest(null, Object(Config\Cache), false)
16 SYSTEMPATH\Boot.php(325): CodeIgniter\CodeIgniter->run()
17 SYSTEMPATH\Boot.php(67): CodeIgniter\Boot::runCodeIgniter(Object(CodeIgniter\CodeIgniter))
18 FCPATH\index.php(56): CodeIgniter\Boot::bootWeb(Object(Config\Paths))
19 SYSTEMPATH\Commands\Server\rewrite.php(49): require_once('C:\\xampp\\htdocs\\tb-smt5\\public\\index.php')
CRITICAL - 2024-06-23 04:07:11 --> CodeIgniter\View\Exceptions\ViewException: Invalid file: "components/toast.php"
[Method: GET, Route: /]
in SYSTEMPATH\Exceptions\FrameworkException.php on line 41.
 1 SYSTEMPATH\View\View.php(222): CodeIgniter\Exceptions\FrameworkException::forInvalidFile('components/toast.php')
 2 SYSTEMPATH\View\View.php(487): CodeIgniter\View\View->render('components/toast', null, true)
 3 APPPATH\Views\components\topbar.php(36): CodeIgniter\View\View->include('components/toast')
 4 SYSTEMPATH\View\View.php(234): include('C:\\xampp\\htdocs\\tb-smt5\\app\\Views\\components\\topbar.php')
 5 SYSTEMPATH\View\View.php(237): CodeIgniter\View\View->CodeIgniter\View\{closure}()
 6 SYSTEMPATH\View\View.php(487): CodeIgniter\View\View->render('components/topbar', null, true)
 7 APPPATH\Views\layouts\main.php(36): CodeIgniter\View\View->include('components/topbar')
 8 SYSTEMPATH\View\View.php(234): include('C:\\xampp\\htdocs\\tb-smt5\\app\\Views\\layouts\\main.php')
 9 SYSTEMPATH\View\View.php(237): CodeIgniter\View\View->CodeIgniter\View\{closure}()
10 SYSTEMPATH\View\View.php(250): CodeIgniter\View\View->render('layouts/main', [], true)
11 SYSTEMPATH\Common.php(1171): CodeIgniter\View\View->render('pages/home/index', [], true)
12 APPPATH\Controllers\HomeController.php(13): view('pages/home/index', [...])
13 SYSTEMPATH\CodeIgniter.php(933): App\Controllers\HomeController->index()
14 SYSTEMPATH\CodeIgniter.php(509): CodeIgniter\CodeIgniter->runController(Object(App\Controllers\HomeController))
15 SYSTEMPATH\CodeIgniter.php(355): CodeIgniter\CodeIgniter->handleRequest(null, Object(Config\Cache), false)
16 SYSTEMPATH\Boot.php(325): CodeIgniter\CodeIgniter->run()
17 SYSTEMPATH\Boot.php(67): CodeIgniter\Boot::runCodeIgniter(Object(CodeIgniter\CodeIgniter))
18 FCPATH\index.php(56): CodeIgniter\Boot::bootWeb(Object(Config\Paths))
19 SYSTEMPATH\Commands\Server\rewrite.php(49): require_once('C:\\xampp\\htdocs\\tb-smt5\\public\\index.php')
