INFO - 2024-07-04 11:52:35 --> Session: Class initialized using 'CodeIgniter\Session\Handlers\FileHandler' driver.
INFO - 2024-07-04 11:52:41 --> Session: Class initialized using 'CodeIgniter\Session\Handlers\FileHandler' driver.
INFO - 2024-07-04 11:54:31 --> Session: Class initialized using 'CodeIgniter\Session\Handlers\FileHandler' driver.
INFO - 2024-07-04 11:54:36 --> Session: Class initialized using 'CodeIgniter\Session\Handlers\FileHandler' driver.
INFO - 2024-07-04 11:54:46 --> Session: Class initialized using 'CodeIgniter\Session\Handlers\FileHandler' driver.
INFO - 2024-07-04 11:54:51 --> Session: Class initialized using 'CodeIgniter\Session\Handlers\FileHandler' driver.
INFO - 2024-07-04 11:54:54 --> Session: Class initialized using 'CodeIgniter\Session\Handlers\FileHandler' driver.
INFO - 2024-07-04 11:54:55 --> Session: Class initialized using 'CodeIgniter\Session\Handlers\FileHandler' driver.
INFO - 2024-07-04 11:54:55 --> Session: Class initialized using 'CodeIgniter\Session\Handlers\FileHandler' driver.
INFO - 2024-07-04 11:54:55 --> Session: Class initialized using 'CodeIgniter\Session\Handlers\FileHandler' driver.
INFO - 2024-07-04 11:54:56 --> Session: Class initialized using 'CodeIgniter\Session\Handlers\FileHandler' driver.
INFO - 2024-07-04 11:54:56 --> Session: Class initialized using 'CodeIgniter\Session\Handlers\FileHandler' driver.
INFO - 2024-07-04 11:54:56 --> Session: Class initialized using 'CodeIgniter\Session\Handlers\FileHandler' driver.
INFO - 2024-07-04 11:54:57 --> Session: Class initialized using 'CodeIgniter\Session\Handlers\FileHandler' driver.
INFO - 2024-07-04 11:54:57 --> Session: Class initialized using 'CodeIgniter\Session\Handlers\FileHandler' driver.
INFO - 2024-07-04 11:54:57 --> Session: Class initialized using 'CodeIgniter\Session\Handlers\FileHandler' driver.
INFO - 2024-07-04 11:54:57 --> Session: Class initialized using 'CodeIgniter\Session\Handlers\FileHandler' driver.
INFO - 2024-07-04 11:54:57 --> Session: Class initialized using 'CodeIgniter\Session\Handlers\FileHandler' driver.
INFO - 2024-07-04 11:54:57 --> Session: Class initialized using 'CodeIgniter\Session\Handlers\FileHandler' driver.
INFO - 2024-07-04 11:54:58 --> Session: Class initialized using 'CodeIgniter\Session\Handlers\FileHandler' driver.
INFO - 2024-07-04 11:54:58 --> Session: Class initialized using 'CodeIgniter\Session\Handlers\FileHandler' driver.
INFO - 2024-07-04 11:54:58 --> Session: Class initialized using 'CodeIgniter\Session\Handlers\FileHandler' driver.
INFO - 2024-07-04 11:54:59 --> Session: Class initialized using 'CodeIgniter\Session\Handlers\FileHandler' driver.
INFO - 2024-07-04 11:54:59 --> Session: Class initialized using 'CodeIgniter\Session\Handlers\FileHandler' driver.
INFO - 2024-07-04 11:54:59 --> Session: Class initialized using 'CodeIgniter\Session\Handlers\FileHandler' driver.
INFO - 2024-07-04 11:54:59 --> Session: Class initialized using 'CodeIgniter\Session\Handlers\FileHandler' driver.
INFO - 2024-07-04 11:55:01 --> Session: Class initialized using 'CodeIgniter\Session\Handlers\FileHandler' driver.
INFO - 2024-07-04 11:55:01 --> Session: Class initialized using 'CodeIgniter\Session\Handlers\FileHandler' driver.
INFO - 2024-07-04 11:55:02 --> Session: Class initialized using 'CodeIgniter\Session\Handlers\FileHandler' driver.
INFO - 2024-07-04 11:55:02 --> Session: Class initialized using 'CodeIgniter\Session\Handlers\FileHandler' driver.
INFO - 2024-07-04 11:55:03 --> Session: Class initialized using 'CodeIgniter\Session\Handlers\FileHandler' driver.
INFO - 2024-07-04 11:55:04 --> Session: Class initialized using 'CodeIgniter\Session\Handlers\FileHandler' driver.
INFO - 2024-07-04 11:55:05 --> Session: Class initialized using 'CodeIgniter\Session\Handlers\FileHandler' driver.
INFO - 2024-07-04 11:55:06 --> Session: Class initialized using 'CodeIgniter\Session\Handlers\FileHandler' driver.
INFO - 2024-07-04 11:55:06 --> Session: Class initialized using 'CodeIgniter\Session\Handlers\FileHandler' driver.
INFO - 2024-07-04 11:55:07 --> Session: Class initialized using 'CodeIgniter\Session\Handlers\FileHandler' driver.
INFO - 2024-07-04 11:55:07 --> Session: Class initialized using 'CodeIgniter\Session\Handlers\FileHandler' driver.
INFO - 2024-07-04 11:55:07 --> Session: Class initialized using 'CodeIgniter\Session\Handlers\FileHandler' driver.
INFO - 2024-07-04 11:55:07 --> Session: Class initialized using 'CodeIgniter\Session\Handlers\FileHandler' driver.
INFO - 2024-07-04 11:55:08 --> Session: Class initialized using 'CodeIgniter\Session\Handlers\FileHandler' driver.
INFO - 2024-07-04 11:55:08 --> Session: Class initialized using 'CodeIgniter\Session\Handlers\FileHandler' driver.
INFO - 2024-07-04 11:55:08 --> Session: Class initialized using 'CodeIgniter\Session\Handlers\FileHandler' driver.
INFO - 2024-07-04 11:55:08 --> Session: Class initialized using 'CodeIgniter\Session\Handlers\FileHandler' driver.
INFO - 2024-07-04 11:55:08 --> Session: Class initialized using 'CodeIgniter\Session\Handlers\FileHandler' driver.
INFO - 2024-07-04 11:55:09 --> Session: Class initialized using 'CodeIgniter\Session\Handlers\FileHandler' driver.
INFO - 2024-07-04 11:55:09 --> Session: Class initialized using 'CodeIgniter\Session\Handlers\FileHandler' driver.
INFO - 2024-07-04 11:55:15 --> Session: Class initialized using 'CodeIgniter\Session\Handlers\FileHandler' driver.
INFO - 2024-07-04 11:55:16 --> Session: Class initialized using 'CodeIgniter\Session\Handlers\FileHandler' driver.
INFO - 2024-07-04 11:55:17 --> Session: Class initialized using 'CodeIgniter\Session\Handlers\FileHandler' driver.
INFO - 2024-07-04 11:55:17 --> Session: Class initialized using 'CodeIgniter\Session\Handlers\FileHandler' driver.
INFO - 2024-07-04 11:55:18 --> Session: Class initialized using 'CodeIgniter\Session\Handlers\FileHandler' driver.
INFO - 2024-07-04 11:55:19 --> Session: Class initialized using 'CodeIgniter\Session\Handlers\FileHandler' driver.
INFO - 2024-07-04 11:55:19 --> Session: Class initialized using 'CodeIgniter\Session\Handlers\FileHandler' driver.
INFO - 2024-07-04 11:55:20 --> Session: Class initialized using 'CodeIgniter\Session\Handlers\FileHandler' driver.
INFO - 2024-07-04 11:55:20 --> Session: Class initialized using 'CodeIgniter\Session\Handlers\FileHandler' driver.
INFO - 2024-07-04 11:55:21 --> Session: Class initialized using 'CodeIgniter\Session\Handlers\FileHandler' driver.
INFO - 2024-07-04 11:55:21 --> Session: Class initialized using 'CodeIgniter\Session\Handlers\FileHandler' driver.
INFO - 2024-07-04 11:55:22 --> Session: Class initialized using 'CodeIgniter\Session\Handlers\FileHandler' driver.
INFO - 2024-07-04 11:55:22 --> Session: Class initialized using 'CodeIgniter\Session\Handlers\FileHandler' driver.
INFO - 2024-07-04 11:55:23 --> Session: Class initialized using 'CodeIgniter\Session\Handlers\FileHandler' driver.
INFO - 2024-07-04 11:55:24 --> Session: Class initialized using 'CodeIgniter\Session\Handlers\FileHandler' driver.
INFO - 2024-07-04 11:55:25 --> Session: Class initialized using 'CodeIgniter\Session\Handlers\FileHandler' driver.
INFO - 2024-07-04 11:55:26 --> Session: Class initialized using 'CodeIgniter\Session\Handlers\FileHandler' driver.
INFO - 2024-07-04 11:55:26 --> Session: Class initialized using 'CodeIgniter\Session\Handlers\FileHandler' driver.
INFO - 2024-07-04 11:55:27 --> Session: Class initialized using 'CodeIgniter\Session\Handlers\FileHandler' driver.
INFO - 2024-07-04 11:55:27 --> Session: Class initialized using 'CodeIgniter\Session\Handlers\FileHandler' driver.
INFO - 2024-07-04 11:55:58 --> Session: Class initialized using 'CodeIgniter\Session\Handlers\FileHandler' driver.
INFO - 2024-07-04 11:56:00 --> Session: Class initialized using 'CodeIgniter\Session\Handlers\FileHandler' driver.
INFO - 2024-07-04 11:56:00 --> Session: Class initialized using 'CodeIgniter\Session\Handlers\FileHandler' driver.
INFO - 2024-07-04 11:56:00 --> Session: Class initialized using 'CodeIgniter\Session\Handlers\FileHandler' driver.
INFO - 2024-07-04 11:56:00 --> Session: Class initialized using 'CodeIgniter\Session\Handlers\FileHandler' driver.
INFO - 2024-07-04 11:56:01 --> Session: Class initialized using 'CodeIgniter\Session\Handlers\FileHandler' driver.
INFO - 2024-07-04 11:56:01 --> Session: Class initialized using 'CodeIgniter\Session\Handlers\FileHandler' driver.
INFO - 2024-07-04 11:56:02 --> Session: Class initialized using 'CodeIgniter\Session\Handlers\FileHandler' driver.
INFO - 2024-07-04 11:56:02 --> Session: Class initialized using 'CodeIgniter\Session\Handlers\FileHandler' driver.
INFO - 2024-07-04 11:56:02 --> Session: Class initialized using 'CodeIgniter\Session\Handlers\FileHandler' driver.
INFO - 2024-07-04 11:56:03 --> Session: Class initialized using 'CodeIgniter\Session\Handlers\FileHandler' driver.
INFO - 2024-07-04 11:56:03 --> Session: Class initialized using 'CodeIgniter\Session\Handlers\FileHandler' driver.
INFO - 2024-07-04 11:56:03 --> Session: Class initialized using 'CodeIgniter\Session\Handlers\FileHandler' driver.
INFO - 2024-07-04 11:56:04 --> Session: Class initialized using 'CodeIgniter\Session\Handlers\FileHandler' driver.
INFO - 2024-07-04 11:56:05 --> Session: Class initialized using 'CodeIgniter\Session\Handlers\FileHandler' driver.
INFO - 2024-07-04 11:56:06 --> Session: Class initialized using 'CodeIgniter\Session\Handlers\FileHandler' driver.
INFO - 2024-07-04 11:56:06 --> Session: Class initialized using 'CodeIgniter\Session\Handlers\FileHandler' driver.
INFO - 2024-07-04 11:56:07 --> Session: Class initialized using 'CodeIgniter\Session\Handlers\FileHandler' driver.
INFO - 2024-07-04 11:56:07 --> Session: Class initialized using 'CodeIgniter\Session\Handlers\FileHandler' driver.
INFO - 2024-07-04 11:56:07 --> Session: Class initialized using 'CodeIgniter\Session\Handlers\FileHandler' driver.
INFO - 2024-07-04 11:56:21 --> Session: Class initialized using 'CodeIgniter\Session\Handlers\FileHandler' driver.
INFO - 2024-07-04 11:56:21 --> Session: Class initialized using 'CodeIgniter\Session\Handlers\FileHandler' driver.
INFO - 2024-07-04 11:56:22 --> Session: Class initialized using 'CodeIgniter\Session\Handlers\FileHandler' driver.
INFO - 2024-07-04 11:56:23 --> Session: Class initialized using 'CodeIgniter\Session\Handlers\FileHandler' driver.
INFO - 2024-07-04 11:56:23 --> Session: Class initialized using 'CodeIgniter\Session\Handlers\FileHandler' driver.
INFO - 2024-07-04 11:56:24 --> Session: Class initialized using 'CodeIgniter\Session\Handlers\FileHandler' driver.
INFO - 2024-07-04 11:56:25 --> Session: Class initialized using 'CodeIgniter\Session\Handlers\FileHandler' driver.
INFO - 2024-07-04 11:56:25 --> Session: Class initialized using 'CodeIgniter\Session\Handlers\FileHandler' driver.
INFO - 2024-07-04 11:56:26 --> Session: Class initialized using 'CodeIgniter\Session\Handlers\FileHandler' driver.
INFO - 2024-07-04 11:56:26 --> Session: Class initialized using 'CodeIgniter\Session\Handlers\FileHandler' driver.
INFO - 2024-07-04 11:56:27 --> Session: Class initialized using 'CodeIgniter\Session\Handlers\FileHandler' driver.
INFO - 2024-07-04 11:56:28 --> Session: Class initialized using 'CodeIgniter\Session\Handlers\FileHandler' driver.
INFO - 2024-07-04 11:56:28 --> Session: Class initialized using 'CodeIgniter\Session\Handlers\FileHandler' driver.
INFO - 2024-07-04 11:56:28 --> Session: Class initialized using 'CodeIgniter\Session\Handlers\FileHandler' driver.
INFO - 2024-07-04 11:56:29 --> Session: Class initialized using 'CodeIgniter\Session\Handlers\FileHandler' driver.
INFO - 2024-07-04 11:56:29 --> Session: Class initialized using 'CodeIgniter\Session\Handlers\FileHandler' driver.
INFO - 2024-07-04 11:56:29 --> Session: Class initialized using 'CodeIgniter\Session\Handlers\FileHandler' driver.
INFO - 2024-07-04 11:56:29 --> Session: Class initialized using 'CodeIgniter\Session\Handlers\FileHandler' driver.
INFO - 2024-07-04 11:56:29 --> Session: Class initialized using 'CodeIgniter\Session\Handlers\FileHandler' driver.
INFO - 2024-07-04 11:56:29 --> Session: Class initialized using 'CodeIgniter\Session\Handlers\FileHandler' driver.
INFO - 2024-07-04 11:57:19 --> Session: Class initialized using 'CodeIgniter\Session\Handlers\FileHandler' driver.
INFO - 2024-07-04 11:57:59 --> Session: Class initialized using 'CodeIgniter\Session\Handlers\FileHandler' driver.
INFO - 2024-07-04 11:58:28 --> Session: Class initialized using 'CodeIgniter\Session\Handlers\FileHandler' driver.
INFO - 2024-07-04 11:58:32 --> Session: Class initialized using 'CodeIgniter\Session\Handlers\FileHandler' driver.
INFO - 2024-07-04 11:58:52 --> Session: Class initialized using 'CodeIgniter\Session\Handlers\FileHandler' driver.
INFO - 2024-07-04 11:59:41 --> Session: Class initialized using 'CodeIgniter\Session\Handlers\FileHandler' driver.
INFO - 2024-07-04 11:59:51 --> Session: Class initialized using 'CodeIgniter\Session\Handlers\FileHandler' driver.
INFO - 2024-07-04 11:59:52 --> Session: Class initialized using 'CodeIgniter\Session\Handlers\FileHandler' driver.
INFO - 2024-07-04 12:00:10 --> Session: Class initialized using 'CodeIgniter\Session\Handlers\FileHandler' driver.
INFO - 2024-07-04 12:00:17 --> Session: Class initialized using 'CodeIgniter\Session\Handlers\FileHandler' driver.
INFO - 2024-07-04 12:00:24 --> Session: Class initialized using 'CodeIgniter\Session\Handlers\FileHandler' driver.
INFO - 2024-07-04 12:00:25 --> Session: Class initialized using 'CodeIgniter\Session\Handlers\FileHandler' driver.
INFO - 2024-07-04 12:22:29 --> Session: Class initialized using 'CodeIgniter\Session\Handlers\FileHandler' driver.
INFO - 2024-07-04 12:36:47 --> Session: Class initialized using 'CodeIgniter\Session\Handlers\FileHandler' driver.
INFO - 2024-07-04 12:37:07 --> Session: Class initialized using 'CodeIgniter\Session\Handlers\FileHandler' driver.
INFO - 2024-07-04 12:37:52 --> Session: Class initialized using 'CodeIgniter\Session\Handlers\FileHandler' driver.
INFO - 2024-07-04 12:38:07 --> Session: Class initialized using 'CodeIgniter\Session\Handlers\FileHandler' driver.
INFO - 2024-07-04 12:38:57 --> Session: Class initialized using 'CodeIgniter\Session\Handlers\FileHandler' driver.
INFO - 2024-07-04 12:39:28 --> Session: Class initialized using 'CodeIgniter\Session\Handlers\FileHandler' driver.
INFO - 2024-07-04 12:39:51 --> Session: Class initialized using 'CodeIgniter\Session\Handlers\FileHandler' driver.
INFO - 2024-07-04 12:40:20 --> Session: Class initialized using 'CodeIgniter\Session\Handlers\FileHandler' driver.
INFO - 2024-07-04 12:42:56 --> Session: Class initialized using 'CodeIgniter\Session\Handlers\FileHandler' driver.
INFO - 2024-07-04 12:47:16 --> Session: Class initialized using 'CodeIgniter\Session\Handlers\FileHandler' driver.
INFO - 2024-07-04 12:47:26 --> Session: Class initialized using 'CodeIgniter\Session\Handlers\FileHandler' driver.
INFO - 2024-07-04 12:48:23 --> Session: Class initialized using 'CodeIgniter\Session\Handlers\FileHandler' driver.
INFO - 2024-07-04 13:02:27 --> Session: Class initialized using 'CodeIgniter\Session\Handlers\FileHandler' driver.
INFO - 2024-07-04 13:04:46 --> Session: Class initialized using 'CodeIgniter\Session\Handlers\FileHandler' driver.
INFO - 2024-07-04 13:09:50 --> Session: Class initialized using 'CodeIgniter\Session\Handlers\FileHandler' driver.
INFO - 2024-07-04 13:09:57 --> Session: Class initialized using 'CodeIgniter\Session\Handlers\FileHandler' driver.
INFO - 2024-07-04 13:10:31 --> Session: Class initialized using 'CodeIgniter\Session\Handlers\FileHandler' driver.
INFO - 2024-07-04 13:11:29 --> Session: Class initialized using 'CodeIgniter\Session\Handlers\FileHandler' driver.
INFO - 2024-07-04 13:13:33 --> Session: Class initialized using 'CodeIgniter\Session\Handlers\FileHandler' driver.
INFO - 2024-07-04 13:14:56 --> Session: Class initialized using 'CodeIgniter\Session\Handlers\FileHandler' driver.
INFO - 2024-07-04 13:17:46 --> Session: Class initialized using 'CodeIgniter\Session\Handlers\FileHandler' driver.
INFO - 2024-07-04 13:18:30 --> Session: Class initialized using 'CodeIgniter\Session\Handlers\FileHandler' driver.
INFO - 2024-07-04 13:19:45 --> Session: Class initialized using 'CodeIgniter\Session\Handlers\FileHandler' driver.
INFO - 2024-07-04 13:24:21 --> Session: Class initialized using 'CodeIgniter\Session\Handlers\FileHandler' driver.
ERROR - 2024-07-04 13:24:28 --> Error connecting to the database: mysqli_sql_exception: Access denied for user ''@'localhost' (using password: NO) in C:\xampp\htdocs\tb-smt5\vendor\codeigniter4\framework\system\Database\MySQLi\Connection.php:186
Stack trace:
#0 C:\xampp\htdocs\tb-smt5\vendor\codeigniter4\framework\system\Database\MySQLi\Connection.php(186): mysqli->real_connect('localhost', '', Object(SensitiveParameterValue), 'sms5_tb', 3306, '', 0)
#1 C:\xampp\htdocs\tb-smt5\vendor\codeigniter4\framework\system\Database\BaseConnection.php(421): CodeIgniter\Database\MySQLi\Connection->connect(false)
#2 C:\xampp\htdocs\tb-smt5\vendor\codeigniter4\framework\system\Database\BaseConnection.php(614): CodeIgniter\Database\BaseConnection->initialize()
#3 C:\xampp\htdocs\tb-smt5\vendor\codeigniter4\framework\system\Database\BaseBuilder.php(1637): CodeIgniter\Database\BaseConnection->query('SELECT 1\nFROM `...', Array, false)
#4 C:\xampp\htdocs\tb-smt5\vendor\codeigniter4\framework\system\Validation\StrictRules\Rules.php(228): CodeIgniter\Database\BaseBuilder->get()
#5 C:\xampp\htdocs\tb-smt5\vendor\codeigniter4\framework\system\Validation\Validation.php(336): CodeIgniter\Validation\StrictRules\Rules->is_unique('qymecibetu@mail...', 'email', Array, NULL, 'email')
#6 C:\xampp\htdocs\tb-smt5\vendor\codeigniter4\framework\system\Validation\Validation.php(201): CodeIgniter\Validation\Validation->processRules('email', 'email', 'qymecibetu@mail...', Array, Array, 'email')
#7 C:\xampp\htdocs\tb-smt5\vendor\codeigniter4\framework\system\Controller.php(137): CodeIgniter\Validation\Validation->run()
#8 C:\xampp\htdocs\tb-smt5\app\Controllers\AuthController.php(109): CodeIgniter\Controller->validate(Array)
#9 C:\xampp\htdocs\tb-smt5\vendor\codeigniter4\framework\system\CodeIgniter.php(933): App\Controllers\AuthController->registerCheck()
#10 C:\xampp\htdocs\tb-smt5\vendor\codeigniter4\framework\system\CodeIgniter.php(509): CodeIgniter\CodeIgniter->runController(Object(App\Controllers\AuthController))
#11 C:\xampp\htdocs\tb-smt5\vendor\codeigniter4\framework\system\CodeIgniter.php(355): CodeIgniter\CodeIgniter->handleRequest(NULL, Object(Config\Cache), false)
#12 C:\xampp\htdocs\tb-smt5\vendor\codeigniter4\framework\system\Boot.php(325): CodeIgniter\CodeIgniter->run()
#13 C:\xampp\htdocs\tb-smt5\vendor\codeigniter4\framework\system\Boot.php(67): CodeIgniter\Boot::runCodeIgniter(Object(CodeIgniter\CodeIgniter))
#14 C:\xampp\htdocs\tb-smt5\public\index.php(56): CodeIgniter\Boot::bootWeb(Object(Config\Paths))
#15 C:\xampp\htdocs\tb-smt5\vendor\codeigniter4\framework\system\Commands\Server\rewrite.php(49): require_once('C:\\xampp\\htdocs...')
#16 {main}

Next CodeIgniter\Database\Exceptions\DatabaseException: Access denied for user ''@'localhost' (using password: NO) in C:\xampp\htdocs\tb-smt5\vendor\codeigniter4\framework\system\Database\MySQLi\Connection.php:231
Stack trace:
#0 C:\xampp\htdocs\tb-smt5\vendor\codeigniter4\framework\system\Database\BaseConnection.php(421): CodeIgniter\Database\MySQLi\Connection->connect(false)
#1 C:\xampp\htdocs\tb-smt5\vendor\codeigniter4\framework\system\Database\BaseConnection.php(614): CodeIgniter\Database\BaseConnection->initialize()
#2 C:\xampp\htdocs\tb-smt5\vendor\codeigniter4\framework\system\Database\BaseBuilder.php(1637): CodeIgniter\Database\BaseConnection->query('SELECT 1\nFROM `...', Array, false)
#3 C:\xampp\htdocs\tb-smt5\vendor\codeigniter4\framework\system\Validation\StrictRules\Rules.php(228): CodeIgniter\Database\BaseBuilder->get()
#4 C:\xampp\htdocs\tb-smt5\vendor\codeigniter4\framework\system\Validation\Validation.php(336): CodeIgniter\Validation\StrictRules\Rules->is_unique('qymecibetu@mail...', 'email', Array, NULL, 'email')
#5 C:\xampp\htdocs\tb-smt5\vendor\codeigniter4\framework\system\Validation\Validation.php(201): CodeIgniter\Validation\Validation->processRules('email', 'email', 'qymecibetu@mail...', Array, Array, 'email')
#6 C:\xampp\htdocs\tb-smt5\vendor\codeigniter4\framework\system\Controller.php(137): CodeIgniter\Validation\Validation->run()
#7 C:\xampp\htdocs\tb-smt5\app\Controllers\AuthController.php(109): CodeIgniter\Controller->validate(Array)
#8 C:\xampp\htdocs\tb-smt5\vendor\codeigniter4\framework\system\CodeIgniter.php(933): App\Controllers\AuthController->registerCheck()
#9 C:\xampp\htdocs\tb-smt5\vendor\codeigniter4\framework\system\CodeIgniter.php(509): CodeIgniter\CodeIgniter->runController(Object(App\Controllers\AuthController))
#10 C:\xampp\htdocs\tb-smt5\vendor\codeigniter4\framework\system\CodeIgniter.php(355): CodeIgniter\CodeIgniter->handleRequest(NULL, Object(Config\Cache), false)
#11 C:\xampp\htdocs\tb-smt5\vendor\codeigniter4\framework\system\Boot.php(325): CodeIgniter\CodeIgniter->run()
#12 C:\xampp\htdocs\tb-smt5\vendor\codeigniter4\framework\system\Boot.php(67): CodeIgniter\Boot::runCodeIgniter(Object(CodeIgniter\CodeIgniter))
#13 C:\xampp\htdocs\tb-smt5\public\index.php(56): CodeIgniter\Boot::bootWeb(Object(Config\Paths))
#14 C:\xampp\htdocs\tb-smt5\vendor\codeigniter4\framework\system\Commands\Server\rewrite.php(49): require_once('C:\\xampp\\htdocs...')
#15 {main}
CRITICAL - 2024-07-04 13:24:28 --> CodeIgniter\Database\Exceptions\DatabaseException: Unable to connect to the database.
Main connection [MySQLi]: Access denied for user ''@'localhost' (using password: NO)
[Method: POST, Route: auth/proses-register]
in SYSTEMPATH\Database\BaseConnection.php on line 467.
 1 SYSTEMPATH\Database\BaseConnection.php(614): CodeIgniter\Database\BaseConnection->initialize()
 2 SYSTEMPATH\Database\BaseBuilder.php(1637): CodeIgniter\Database\BaseConnection->query('SELECT 1
FROM `user`
WHERE `email` = :email:
 LIMIT 1', [...], false)
 3 SYSTEMPATH\Validation\StrictRules\Rules.php(228): CodeIgniter\Database\BaseBuilder->get()
 4 SYSTEMPATH\Validation\Validation.php(336): CodeIgniter\Validation\StrictRules\Rules->is_unique('qymecibetu@mailinator.com', 'email', [...], null, 'email')
 5 SYSTEMPATH\Validation\Validation.php(201): CodeIgniter\Validation\Validation->processRules('email', 'email', 'qymecibetu@mailinator.com', [...], [...], 'email')
 6 SYSTEMPATH\Controller.php(137): CodeIgniter\Validation\Validation->run()
 7 APPPATH\Controllers\AuthController.php(109): CodeIgniter\Controller->validate([...])
 8 SYSTEMPATH\CodeIgniter.php(933): App\Controllers\AuthController->registerCheck()
 9 SYSTEMPATH\CodeIgniter.php(509): CodeIgniter\CodeIgniter->runController(Object(App\Controllers\AuthController))
10 SYSTEMPATH\CodeIgniter.php(355): CodeIgniter\CodeIgniter->handleRequest(null, Object(Config\Cache), false)
11 SYSTEMPATH\Boot.php(325): CodeIgniter\CodeIgniter->run()
12 SYSTEMPATH\Boot.php(67): CodeIgniter\Boot::runCodeIgniter(Object(CodeIgniter\CodeIgniter))
13 FCPATH\index.php(56): CodeIgniter\Boot::bootWeb(Object(Config\Paths))
14 SYSTEMPATH\Commands\Server\rewrite.php(49): require_once('C:\\xampp\\htdocs\\tb-smt5\\public\\index.php')
INFO - 2024-07-04 13:25:10 --> Session: Class initialized using 'CodeIgniter\Session\Handlers\FileHandler' driver.
ERROR - 2024-07-04 13:25:17 --> Error connecting to the database: mysqli_sql_exception: Access denied for user ''@'localhost' (using password: NO) in C:\xampp\htdocs\tb-smt5\vendor\codeigniter4\framework\system\Database\MySQLi\Connection.php:186
Stack trace:
#0 C:\xampp\htdocs\tb-smt5\vendor\codeigniter4\framework\system\Database\MySQLi\Connection.php(186): mysqli->real_connect('localhost', '', Object(SensitiveParameterValue), 'sms5_tb', 3306, '', 0)
#1 C:\xampp\htdocs\tb-smt5\vendor\codeigniter4\framework\system\Database\BaseConnection.php(421): CodeIgniter\Database\MySQLi\Connection->connect(false)
#2 C:\xampp\htdocs\tb-smt5\vendor\codeigniter4\framework\system\Database\BaseConnection.php(614): CodeIgniter\Database\BaseConnection->initialize()
#3 C:\xampp\htdocs\tb-smt5\vendor\codeigniter4\framework\system\Database\BaseBuilder.php(1637): CodeIgniter\Database\BaseConnection->query('SELECT 1\nFROM `...', Array, false)
#4 C:\xampp\htdocs\tb-smt5\vendor\codeigniter4\framework\system\Validation\StrictRules\Rules.php(228): CodeIgniter\Database\BaseBuilder->get()
#5 C:\xampp\htdocs\tb-smt5\vendor\codeigniter4\framework\system\Validation\Validation.php(336): CodeIgniter\Validation\StrictRules\Rules->is_unique('xohemofil@maili...', 'email', Array, NULL, 'email')
#6 C:\xampp\htdocs\tb-smt5\vendor\codeigniter4\framework\system\Validation\Validation.php(201): CodeIgniter\Validation\Validation->processRules('email', 'email', 'xohemofil@maili...', Array, Array, 'email')
#7 C:\xampp\htdocs\tb-smt5\vendor\codeigniter4\framework\system\Controller.php(137): CodeIgniter\Validation\Validation->run()
#8 C:\xampp\htdocs\tb-smt5\app\Controllers\AuthController.php(109): CodeIgniter\Controller->validate(Array)
#9 C:\xampp\htdocs\tb-smt5\vendor\codeigniter4\framework\system\CodeIgniter.php(933): App\Controllers\AuthController->registerCheck()
#10 C:\xampp\htdocs\tb-smt5\vendor\codeigniter4\framework\system\CodeIgniter.php(509): CodeIgniter\CodeIgniter->runController(Object(App\Controllers\AuthController))
#11 C:\xampp\htdocs\tb-smt5\vendor\codeigniter4\framework\system\CodeIgniter.php(355): CodeIgniter\CodeIgniter->handleRequest(NULL, Object(Config\Cache), false)
#12 C:\xampp\htdocs\tb-smt5\vendor\codeigniter4\framework\system\Boot.php(325): CodeIgniter\CodeIgniter->run()
#13 C:\xampp\htdocs\tb-smt5\vendor\codeigniter4\framework\system\Boot.php(67): CodeIgniter\Boot::runCodeIgniter(Object(CodeIgniter\CodeIgniter))
#14 C:\xampp\htdocs\tb-smt5\public\index.php(56): CodeIgniter\Boot::bootWeb(Object(Config\Paths))
#15 C:\xampp\htdocs\tb-smt5\vendor\codeigniter4\framework\system\Commands\Server\rewrite.php(49): require_once('C:\\xampp\\htdocs...')
#16 {main}

Next CodeIgniter\Database\Exceptions\DatabaseException: Access denied for user ''@'localhost' (using password: NO) in C:\xampp\htdocs\tb-smt5\vendor\codeigniter4\framework\system\Database\MySQLi\Connection.php:231
Stack trace:
#0 C:\xampp\htdocs\tb-smt5\vendor\codeigniter4\framework\system\Database\BaseConnection.php(421): CodeIgniter\Database\MySQLi\Connection->connect(false)
#1 C:\xampp\htdocs\tb-smt5\vendor\codeigniter4\framework\system\Database\BaseConnection.php(614): CodeIgniter\Database\BaseConnection->initialize()
#2 C:\xampp\htdocs\tb-smt5\vendor\codeigniter4\framework\system\Database\BaseBuilder.php(1637): CodeIgniter\Database\BaseConnection->query('SELECT 1\nFROM `...', Array, false)
#3 C:\xampp\htdocs\tb-smt5\vendor\codeigniter4\framework\system\Validation\StrictRules\Rules.php(228): CodeIgniter\Database\BaseBuilder->get()
#4 C:\xampp\htdocs\tb-smt5\vendor\codeigniter4\framework\system\Validation\Validation.php(336): CodeIgniter\Validation\StrictRules\Rules->is_unique('xohemofil@maili...', 'email', Array, NULL, 'email')
#5 C:\xampp\htdocs\tb-smt5\vendor\codeigniter4\framework\system\Validation\Validation.php(201): CodeIgniter\Validation\Validation->processRules('email', 'email', 'xohemofil@maili...', Array, Array, 'email')
#6 C:\xampp\htdocs\tb-smt5\vendor\codeigniter4\framework\system\Controller.php(137): CodeIgniter\Validation\Validation->run()
#7 C:\xampp\htdocs\tb-smt5\app\Controllers\AuthController.php(109): CodeIgniter\Controller->validate(Array)
#8 C:\xampp\htdocs\tb-smt5\vendor\codeigniter4\framework\system\CodeIgniter.php(933): App\Controllers\AuthController->registerCheck()
#9 C:\xampp\htdocs\tb-smt5\vendor\codeigniter4\framework\system\CodeIgniter.php(509): CodeIgniter\CodeIgniter->runController(Object(App\Controllers\AuthController))
#10 C:\xampp\htdocs\tb-smt5\vendor\codeigniter4\framework\system\CodeIgniter.php(355): CodeIgniter\CodeIgniter->handleRequest(NULL, Object(Config\Cache), false)
#11 C:\xampp\htdocs\tb-smt5\vendor\codeigniter4\framework\system\Boot.php(325): CodeIgniter\CodeIgniter->run()
#12 C:\xampp\htdocs\tb-smt5\vendor\codeigniter4\framework\system\Boot.php(67): CodeIgniter\Boot::runCodeIgniter(Object(CodeIgniter\CodeIgniter))
#13 C:\xampp\htdocs\tb-smt5\public\index.php(56): CodeIgniter\Boot::bootWeb(Object(Config\Paths))
#14 C:\xampp\htdocs\tb-smt5\vendor\codeigniter4\framework\system\Commands\Server\rewrite.php(49): require_once('C:\\xampp\\htdocs...')
#15 {main}
CRITICAL - 2024-07-04 13:25:17 --> CodeIgniter\Database\Exceptions\DatabaseException: Unable to connect to the database.
Main connection [MySQLi]: Access denied for user ''@'localhost' (using password: NO)
[Method: POST, Route: auth/proses-register]
in SYSTEMPATH\Database\BaseConnection.php on line 467.
 1 SYSTEMPATH\Database\BaseConnection.php(614): CodeIgniter\Database\BaseConnection->initialize()
 2 SYSTEMPATH\Database\BaseBuilder.php(1637): CodeIgniter\Database\BaseConnection->query('SELECT 1
FROM `user`
WHERE `email` = :email:
 LIMIT 1', [...], false)
 3 SYSTEMPATH\Validation\StrictRules\Rules.php(228): CodeIgniter\Database\BaseBuilder->get()
 4 SYSTEMPATH\Validation\Validation.php(336): CodeIgniter\Validation\StrictRules\Rules->is_unique('xohemofil@mailinator.com', 'email', [...], null, 'email')
 5 SYSTEMPATH\Validation\Validation.php(201): CodeIgniter\Validation\Validation->processRules('email', 'email', 'xohemofil@mailinator.com', [...], [...], 'email')
 6 SYSTEMPATH\Controller.php(137): CodeIgniter\Validation\Validation->run()
 7 APPPATH\Controllers\AuthController.php(109): CodeIgniter\Controller->validate([...])
 8 SYSTEMPATH\CodeIgniter.php(933): App\Controllers\AuthController->registerCheck()
 9 SYSTEMPATH\CodeIgniter.php(509): CodeIgniter\CodeIgniter->runController(Object(App\Controllers\AuthController))
10 SYSTEMPATH\CodeIgniter.php(355): CodeIgniter\CodeIgniter->handleRequest(null, Object(Config\Cache), false)
11 SYSTEMPATH\Boot.php(325): CodeIgniter\CodeIgniter->run()
12 SYSTEMPATH\Boot.php(67): CodeIgniter\Boot::runCodeIgniter(Object(CodeIgniter\CodeIgniter))
13 FCPATH\index.php(56): CodeIgniter\Boot::bootWeb(Object(Config\Paths))
14 SYSTEMPATH\Commands\Server\rewrite.php(49): require_once('C:\\xampp\\htdocs\\tb-smt5\\public\\index.php')
INFO - 2024-07-04 13:25:46 --> Session: Class initialized using 'CodeIgniter\Session\Handlers\FileHandler' driver.
ERROR - 2024-07-04 13:26:32 --> Error connecting to the database: mysqli_sql_exception: Access denied for user ''@'localhost' (using password: NO) in C:\xampp\htdocs\tb-smt5\vendor\codeigniter4\framework\system\Database\MySQLi\Connection.php:186
Stack trace:
#0 C:\xampp\htdocs\tb-smt5\vendor\codeigniter4\framework\system\Database\MySQLi\Connection.php(186): mysqli->real_connect('localhost', '', Object(SensitiveParameterValue), 'sms5_tb', 3306, '', 0)
#1 C:\xampp\htdocs\tb-smt5\vendor\codeigniter4\framework\system\Database\BaseConnection.php(421): CodeIgniter\Database\MySQLi\Connection->connect(false)
#2 C:\xampp\htdocs\tb-smt5\vendor\codeigniter4\framework\system\Database\BaseConnection.php(614): CodeIgniter\Database\BaseConnection->initialize()
#3 C:\xampp\htdocs\tb-smt5\vendor\codeigniter4\framework\system\Database\BaseBuilder.php(1637): CodeIgniter\Database\BaseConnection->query('SELECT 1\nFROM `...', Array, false)
#4 C:\xampp\htdocs\tb-smt5\vendor\codeigniter4\framework\system\Validation\StrictRules\Rules.php(228): CodeIgniter\Database\BaseBuilder->get()
#5 C:\xampp\htdocs\tb-smt5\vendor\codeigniter4\framework\system\Validation\Validation.php(336): CodeIgniter\Validation\StrictRules\Rules->is_unique('zypywasicy@mail...', 'email', Array, NULL, 'email')
#6 C:\xampp\htdocs\tb-smt5\vendor\codeigniter4\framework\system\Validation\Validation.php(201): CodeIgniter\Validation\Validation->processRules('email', 'email', 'zypywasicy@mail...', Array, Array, 'email')
#7 C:\xampp\htdocs\tb-smt5\vendor\codeigniter4\framework\system\Controller.php(137): CodeIgniter\Validation\Validation->run()
#8 C:\xampp\htdocs\tb-smt5\app\Controllers\AuthController.php(109): CodeIgniter\Controller->validate(Array)
#9 C:\xampp\htdocs\tb-smt5\vendor\codeigniter4\framework\system\CodeIgniter.php(933): App\Controllers\AuthController->registerCheck()
#10 C:\xampp\htdocs\tb-smt5\vendor\codeigniter4\framework\system\CodeIgniter.php(509): CodeIgniter\CodeIgniter->runController(Object(App\Controllers\AuthController))
#11 C:\xampp\htdocs\tb-smt5\vendor\codeigniter4\framework\system\CodeIgniter.php(355): CodeIgniter\CodeIgniter->handleRequest(NULL, Object(Config\Cache), false)
#12 C:\xampp\htdocs\tb-smt5\vendor\codeigniter4\framework\system\Boot.php(325): CodeIgniter\CodeIgniter->run()
#13 C:\xampp\htdocs\tb-smt5\vendor\codeigniter4\framework\system\Boot.php(67): CodeIgniter\Boot::runCodeIgniter(Object(CodeIgniter\CodeIgniter))
#14 C:\xampp\htdocs\tb-smt5\public\index.php(56): CodeIgniter\Boot::bootWeb(Object(Config\Paths))
#15 C:\xampp\htdocs\tb-smt5\vendor\codeigniter4\framework\system\Commands\Server\rewrite.php(49): require_once('C:\\xampp\\htdocs...')
#16 {main}

Next CodeIgniter\Database\Exceptions\DatabaseException: Access denied for user ''@'localhost' (using password: NO) in C:\xampp\htdocs\tb-smt5\vendor\codeigniter4\framework\system\Database\MySQLi\Connection.php:231
Stack trace:
#0 C:\xampp\htdocs\tb-smt5\vendor\codeigniter4\framework\system\Database\BaseConnection.php(421): CodeIgniter\Database\MySQLi\Connection->connect(false)
#1 C:\xampp\htdocs\tb-smt5\vendor\codeigniter4\framework\system\Database\BaseConnection.php(614): CodeIgniter\Database\BaseConnection->initialize()
#2 C:\xampp\htdocs\tb-smt5\vendor\codeigniter4\framework\system\Database\BaseBuilder.php(1637): CodeIgniter\Database\BaseConnection->query('SELECT 1\nFROM `...', Array, false)
#3 C:\xampp\htdocs\tb-smt5\vendor\codeigniter4\framework\system\Validation\StrictRules\Rules.php(228): CodeIgniter\Database\BaseBuilder->get()
#4 C:\xampp\htdocs\tb-smt5\vendor\codeigniter4\framework\system\Validation\Validation.php(336): CodeIgniter\Validation\StrictRules\Rules->is_unique('zypywasicy@mail...', 'email', Array, NULL, 'email')
#5 C:\xampp\htdocs\tb-smt5\vendor\codeigniter4\framework\system\Validation\Validation.php(201): CodeIgniter\Validation\Validation->processRules('email', 'email', 'zypywasicy@mail...', Array, Array, 'email')
#6 C:\xampp\htdocs\tb-smt5\vendor\codeigniter4\framework\system\Controller.php(137): CodeIgniter\Validation\Validation->run()
#7 C:\xampp\htdocs\tb-smt5\app\Controllers\AuthController.php(109): CodeIgniter\Controller->validate(Array)
#8 C:\xampp\htdocs\tb-smt5\vendor\codeigniter4\framework\system\CodeIgniter.php(933): App\Controllers\AuthController->registerCheck()
#9 C:\xampp\htdocs\tb-smt5\vendor\codeigniter4\framework\system\CodeIgniter.php(509): CodeIgniter\CodeIgniter->runController(Object(App\Controllers\AuthController))
#10 C:\xampp\htdocs\tb-smt5\vendor\codeigniter4\framework\system\CodeIgniter.php(355): CodeIgniter\CodeIgniter->handleRequest(NULL, Object(Config\Cache), false)
#11 C:\xampp\htdocs\tb-smt5\vendor\codeigniter4\framework\system\Boot.php(325): CodeIgniter\CodeIgniter->run()
#12 C:\xampp\htdocs\tb-smt5\vendor\codeigniter4\framework\system\Boot.php(67): CodeIgniter\Boot::runCodeIgniter(Object(CodeIgniter\CodeIgniter))
#13 C:\xampp\htdocs\tb-smt5\public\index.php(56): CodeIgniter\Boot::bootWeb(Object(Config\Paths))
#14 C:\xampp\htdocs\tb-smt5\vendor\codeigniter4\framework\system\Commands\Server\rewrite.php(49): require_once('C:\\xampp\\htdocs...')
#15 {main}
CRITICAL - 2024-07-04 13:26:32 --> CodeIgniter\Database\Exceptions\DatabaseException: Unable to connect to the database.
Main connection [MySQLi]: Access denied for user ''@'localhost' (using password: NO)
[Method: POST, Route: auth/proses-register]
in SYSTEMPATH\Database\BaseConnection.php on line 467.
 1 SYSTEMPATH\Database\BaseConnection.php(614): CodeIgniter\Database\BaseConnection->initialize()
 2 SYSTEMPATH\Database\BaseBuilder.php(1637): CodeIgniter\Database\BaseConnection->query('SELECT 1
FROM `user`
WHERE `email` = :email:
 LIMIT 1', [...], false)
 3 SYSTEMPATH\Validation\StrictRules\Rules.php(228): CodeIgniter\Database\BaseBuilder->get()
 4 SYSTEMPATH\Validation\Validation.php(336): CodeIgniter\Validation\StrictRules\Rules->is_unique('zypywasicy@mailinator.com', 'email', [...], null, 'email')
 5 SYSTEMPATH\Validation\Validation.php(201): CodeIgniter\Validation\Validation->processRules('email', 'email', 'zypywasicy@mailinator.com', [...], [...], 'email')
 6 SYSTEMPATH\Controller.php(137): CodeIgniter\Validation\Validation->run()
 7 APPPATH\Controllers\AuthController.php(109): CodeIgniter\Controller->validate([...])
 8 SYSTEMPATH\CodeIgniter.php(933): App\Controllers\AuthController->registerCheck()
 9 SYSTEMPATH\CodeIgniter.php(509): CodeIgniter\CodeIgniter->runController(Object(App\Controllers\AuthController))
10 SYSTEMPATH\CodeIgniter.php(355): CodeIgniter\CodeIgniter->handleRequest(null, Object(Config\Cache), false)
11 SYSTEMPATH\Boot.php(325): CodeIgniter\CodeIgniter->run()
12 SYSTEMPATH\Boot.php(67): CodeIgniter\Boot::runCodeIgniter(Object(CodeIgniter\CodeIgniter))
13 FCPATH\index.php(56): CodeIgniter\Boot::bootWeb(Object(Config\Paths))
14 SYSTEMPATH\Commands\Server\rewrite.php(49): require_once('C:\\xampp\\htdocs\\tb-smt5\\public\\index.php')
INFO - 2024-07-04 13:32:03 --> Session: Class initialized using 'CodeIgniter\Session\Handlers\FileHandler' driver.
ERROR - 2024-07-04 13:32:25 --> Error connecting to the database: mysqli_sql_exception: Access denied for user ''@'localhost' (using password: NO) in C:\xampp\htdocs\tb-smt5\vendor\codeigniter4\framework\system\Database\MySQLi\Connection.php:186
Stack trace:
#0 C:\xampp\htdocs\tb-smt5\vendor\codeigniter4\framework\system\Database\MySQLi\Connection.php(186): mysqli->real_connect('localhost', '', Object(SensitiveParameterValue), 'sms5_tb', 3306, '', 0)
#1 C:\xampp\htdocs\tb-smt5\vendor\codeigniter4\framework\system\Database\BaseConnection.php(421): CodeIgniter\Database\MySQLi\Connection->connect(false)
#2 C:\xampp\htdocs\tb-smt5\vendor\codeigniter4\framework\system\Database\BaseConnection.php(614): CodeIgniter\Database\BaseConnection->initialize()
#3 C:\xampp\htdocs\tb-smt5\vendor\codeigniter4\framework\system\Database\BaseBuilder.php(1637): CodeIgniter\Database\BaseConnection->query('SELECT 1\nFROM `...', Array, false)
#4 C:\xampp\htdocs\tb-smt5\vendor\codeigniter4\framework\system\Validation\StrictRules\Rules.php(228): CodeIgniter\Database\BaseBuilder->get()
#5 C:\xampp\htdocs\tb-smt5\vendor\codeigniter4\framework\system\Validation\Validation.php(336): CodeIgniter\Validation\StrictRules\Rules->is_unique('socilu@mailinat...', 'email', Array, NULL, 'email')
#6 C:\xampp\htdocs\tb-smt5\vendor\codeigniter4\framework\system\Validation\Validation.php(201): CodeIgniter\Validation\Validation->processRules('email', 'email', 'socilu@mailinat...', Array, Array, 'email')
#7 C:\xampp\htdocs\tb-smt5\vendor\codeigniter4\framework\system\Controller.php(137): CodeIgniter\Validation\Validation->run()
#8 C:\xampp\htdocs\tb-smt5\app\Controllers\AuthController.php(109): CodeIgniter\Controller->validate(Array)
#9 C:\xampp\htdocs\tb-smt5\vendor\codeigniter4\framework\system\CodeIgniter.php(933): App\Controllers\AuthController->registerCheck()
#10 C:\xampp\htdocs\tb-smt5\vendor\codeigniter4\framework\system\CodeIgniter.php(509): CodeIgniter\CodeIgniter->runController(Object(App\Controllers\AuthController))
#11 C:\xampp\htdocs\tb-smt5\vendor\codeigniter4\framework\system\CodeIgniter.php(355): CodeIgniter\CodeIgniter->handleRequest(NULL, Object(Config\Cache), false)
#12 C:\xampp\htdocs\tb-smt5\vendor\codeigniter4\framework\system\Boot.php(325): CodeIgniter\CodeIgniter->run()
#13 C:\xampp\htdocs\tb-smt5\vendor\codeigniter4\framework\system\Boot.php(67): CodeIgniter\Boot::runCodeIgniter(Object(CodeIgniter\CodeIgniter))
#14 C:\xampp\htdocs\tb-smt5\public\index.php(56): CodeIgniter\Boot::bootWeb(Object(Config\Paths))
#15 C:\xampp\htdocs\tb-smt5\vendor\codeigniter4\framework\system\Commands\Server\rewrite.php(49): require_once('C:\\xampp\\htdocs...')
#16 {main}

Next CodeIgniter\Database\Exceptions\DatabaseException: Access denied for user ''@'localhost' (using password: NO) in C:\xampp\htdocs\tb-smt5\vendor\codeigniter4\framework\system\Database\MySQLi\Connection.php:231
Stack trace:
#0 C:\xampp\htdocs\tb-smt5\vendor\codeigniter4\framework\system\Database\BaseConnection.php(421): CodeIgniter\Database\MySQLi\Connection->connect(false)
#1 C:\xampp\htdocs\tb-smt5\vendor\codeigniter4\framework\system\Database\BaseConnection.php(614): CodeIgniter\Database\BaseConnection->initialize()
#2 C:\xampp\htdocs\tb-smt5\vendor\codeigniter4\framework\system\Database\BaseBuilder.php(1637): CodeIgniter\Database\BaseConnection->query('SELECT 1\nFROM `...', Array, false)
#3 C:\xampp\htdocs\tb-smt5\vendor\codeigniter4\framework\system\Validation\StrictRules\Rules.php(228): CodeIgniter\Database\BaseBuilder->get()
#4 C:\xampp\htdocs\tb-smt5\vendor\codeigniter4\framework\system\Validation\Validation.php(336): CodeIgniter\Validation\StrictRules\Rules->is_unique('socilu@mailinat...', 'email', Array, NULL, 'email')
#5 C:\xampp\htdocs\tb-smt5\vendor\codeigniter4\framework\system\Validation\Validation.php(201): CodeIgniter\Validation\Validation->processRules('email', 'email', 'socilu@mailinat...', Array, Array, 'email')
#6 C:\xampp\htdocs\tb-smt5\vendor\codeigniter4\framework\system\Controller.php(137): CodeIgniter\Validation\Validation->run()
#7 C:\xampp\htdocs\tb-smt5\app\Controllers\AuthController.php(109): CodeIgniter\Controller->validate(Array)
#8 C:\xampp\htdocs\tb-smt5\vendor\codeigniter4\framework\system\CodeIgniter.php(933): App\Controllers\AuthController->registerCheck()
#9 C:\xampp\htdocs\tb-smt5\vendor\codeigniter4\framework\system\CodeIgniter.php(509): CodeIgniter\CodeIgniter->runController(Object(App\Controllers\AuthController))
#10 C:\xampp\htdocs\tb-smt5\vendor\codeigniter4\framework\system\CodeIgniter.php(355): CodeIgniter\CodeIgniter->handleRequest(NULL, Object(Config\Cache), false)
#11 C:\xampp\htdocs\tb-smt5\vendor\codeigniter4\framework\system\Boot.php(325): CodeIgniter\CodeIgniter->run()
#12 C:\xampp\htdocs\tb-smt5\vendor\codeigniter4\framework\system\Boot.php(67): CodeIgniter\Boot::runCodeIgniter(Object(CodeIgniter\CodeIgniter))
#13 C:\xampp\htdocs\tb-smt5\public\index.php(56): CodeIgniter\Boot::bootWeb(Object(Config\Paths))
#14 C:\xampp\htdocs\tb-smt5\vendor\codeigniter4\framework\system\Commands\Server\rewrite.php(49): require_once('C:\\xampp\\htdocs...')
#15 {main}
CRITICAL - 2024-07-04 13:32:25 --> CodeIgniter\Database\Exceptions\DatabaseException: Unable to connect to the database.
Main connection [MySQLi]: Access denied for user ''@'localhost' (using password: NO)
[Method: POST, Route: auth/proses-register]
in SYSTEMPATH\Database\BaseConnection.php on line 467.
 1 SYSTEMPATH\Database\BaseConnection.php(614): CodeIgniter\Database\BaseConnection->initialize()
 2 SYSTEMPATH\Database\BaseBuilder.php(1637): CodeIgniter\Database\BaseConnection->query('SELECT 1
FROM `user`
WHERE `email` = :email:
 LIMIT 1', [...], false)
 3 SYSTEMPATH\Validation\StrictRules\Rules.php(228): CodeIgniter\Database\BaseBuilder->get()
 4 SYSTEMPATH\Validation\Validation.php(336): CodeIgniter\Validation\StrictRules\Rules->is_unique('socilu@mailinator.com', 'email', [...], null, 'email')
 5 SYSTEMPATH\Validation\Validation.php(201): CodeIgniter\Validation\Validation->processRules('email', 'email', 'socilu@mailinator.com', [...], [...], 'email')
 6 SYSTEMPATH\Controller.php(137): CodeIgniter\Validation\Validation->run()
 7 APPPATH\Controllers\AuthController.php(109): CodeIgniter\Controller->validate([...])
 8 SYSTEMPATH\CodeIgniter.php(933): App\Controllers\AuthController->registerCheck()
 9 SYSTEMPATH\CodeIgniter.php(509): CodeIgniter\CodeIgniter->runController(Object(App\Controllers\AuthController))
10 SYSTEMPATH\CodeIgniter.php(355): CodeIgniter\CodeIgniter->handleRequest(null, Object(Config\Cache), false)
11 SYSTEMPATH\Boot.php(325): CodeIgniter\CodeIgniter->run()
12 SYSTEMPATH\Boot.php(67): CodeIgniter\Boot::runCodeIgniter(Object(CodeIgniter\CodeIgniter))
13 FCPATH\index.php(56): CodeIgniter\Boot::bootWeb(Object(Config\Paths))
14 SYSTEMPATH\Commands\Server\rewrite.php(49): require_once('C:\\xampp\\htdocs\\tb-smt5\\public\\index.php')
ERROR - 2024-07-04 13:35:35 --> mysqli_sql_exception: Table 'sms5_tb.users' doesn't exist in C:\xampp\htdocs\tb-smt5\vendor\codeigniter4\framework\system\Database\MySQLi\Connection.php:310
Stack trace:
#0 C:\xampp\htdocs\tb-smt5\vendor\codeigniter4\framework\system\Database\MySQLi\Connection.php(310): mysqli->query('INSERT INTO `us...', 0)
#1 C:\xampp\htdocs\tb-smt5\vendor\codeigniter4\framework\system\Database\BaseConnection.php(732): CodeIgniter\Database\MySQLi\Connection->execute('INSERT INTO `us...')
#2 C:\xampp\htdocs\tb-smt5\vendor\codeigniter4\framework\system\Database\BaseConnection.php(646): CodeIgniter\Database\BaseConnection->simpleQuery('INSERT INTO `us...')
#3 C:\xampp\htdocs\tb-smt5\vendor\codeigniter4\framework\system\Database\BaseBuilder.php(2333): CodeIgniter\Database\BaseConnection->query('INSERT INTO `us...', Array, false)
#4 C:\xampp\htdocs\tb-smt5\vendor\codeigniter4\framework\system\Model.php(394): CodeIgniter\Database\BaseBuilder->insert()
#5 C:\xampp\htdocs\tb-smt5\vendor\codeigniter4\framework\system\BaseModel.php(840): CodeIgniter\Model->doInsert(Array)
#6 C:\xampp\htdocs\tb-smt5\vendor\codeigniter4\framework\system\Model.php(802): CodeIgniter\BaseModel->insert(Array, true)
#7 C:\xampp\htdocs\tb-smt5\app\Controllers\AuthController.php(122): CodeIgniter\Model->insert(Array)
#8 C:\xampp\htdocs\tb-smt5\vendor\codeigniter4\framework\system\CodeIgniter.php(933): App\Controllers\AuthController->registerCheck()
#9 C:\xampp\htdocs\tb-smt5\vendor\codeigniter4\framework\system\CodeIgniter.php(509): CodeIgniter\CodeIgniter->runController(Object(App\Controllers\AuthController))
#10 C:\xampp\htdocs\tb-smt5\vendor\codeigniter4\framework\system\CodeIgniter.php(355): CodeIgniter\CodeIgniter->handleRequest(NULL, Object(Config\Cache), false)
#11 C:\xampp\htdocs\tb-smt5\vendor\codeigniter4\framework\system\Boot.php(325): CodeIgniter\CodeIgniter->run()
#12 C:\xampp\htdocs\tb-smt5\vendor\codeigniter4\framework\system\Boot.php(67): CodeIgniter\Boot::runCodeIgniter(Object(CodeIgniter\CodeIgniter))
#13 C:\xampp\htdocs\tb-smt5\public\index.php(56): CodeIgniter\Boot::bootWeb(Object(Config\Paths))
#14 C:\xampp\htdocs\tb-smt5\vendor\codeigniter4\framework\system\Commands\Server\rewrite.php(49): require_once('C:\\xampp\\htdocs...')
#15 {main}
CRITICAL - 2024-07-04 13:35:35 --> CodeIgniter\Database\Exceptions\DatabaseException: Table 'sms5_tb.users' doesn't exist
[Method: POST, Route: auth/proses-register]
in SYSTEMPATH\Database\BaseConnection.php on line 686.
 1 SYSTEMPATH\Database\BaseBuilder.php(2333): CodeIgniter\Database\BaseConnection->query('INSERT INTO `users` (`email`, `password`, `no_telp`) VALUES (:email:, :password:, :no_telp:)', [...], false)
 2 SYSTEMPATH\Model.php(394): CodeIgniter\Database\BaseBuilder->insert()
 3 SYSTEMPATH\BaseModel.php(840): CodeIgniter\Model->doInsert([...])
 4 SYSTEMPATH\Model.php(802): CodeIgniter\BaseModel->insert([...], true)
 5 APPPATH\Controllers\AuthController.php(122): CodeIgniter\Model->insert([...])
 6 SYSTEMPATH\CodeIgniter.php(933): App\Controllers\AuthController->registerCheck()
 7 SYSTEMPATH\CodeIgniter.php(509): CodeIgniter\CodeIgniter->runController(Object(App\Controllers\AuthController))
 8 SYSTEMPATH\CodeIgniter.php(355): CodeIgniter\CodeIgniter->handleRequest(null, Object(Config\Cache), false)
 9 SYSTEMPATH\Boot.php(325): CodeIgniter\CodeIgniter->run()
10 SYSTEMPATH\Boot.php(67): CodeIgniter\Boot::runCodeIgniter(Object(CodeIgniter\CodeIgniter))
11 FCPATH\index.php(56): CodeIgniter\Boot::bootWeb(Object(Config\Paths))
12 SYSTEMPATH\Commands\Server\rewrite.php(49): require_once('C:\\xampp\\htdocs\\tb-smt5\\public\\index.php')
CRITICAL - 2024-07-04 13:35:35 --> [Caused by] CodeIgniter\Database\Exceptions\DatabaseException: Table 'sms5_tb.users' doesn't exist
in SYSTEMPATH\Database\MySQLi\Connection.php on line 315.
 1 SYSTEMPATH\Database\BaseConnection.php(732): CodeIgniter\Database\MySQLi\Connection->execute('INSERT INTO `users` (`email`, `password`, `no_telp`) VALUES (\'socilu@mailinator.com\', \'$2y$10$bHUwPFRFDCZ.ms5wSGwxXOaguODecKmcGklCN//9SJ.84lLsJOK2e\', \'Deleniti rerum conse\')')
 2 SYSTEMPATH\Database\BaseConnection.php(646): CodeIgniter\Database\BaseConnection->simpleQuery('INSERT INTO `users` (`email`, `password`, `no_telp`) VALUES (\'socilu@mailinator.com\', \'$2y$10$bHUwPFRFDCZ.ms5wSGwxXOaguODecKmcGklCN//9SJ.84lLsJOK2e\', \'Deleniti rerum conse\')')
 3 SYSTEMPATH\Database\BaseBuilder.php(2333): CodeIgniter\Database\BaseConnection->query('INSERT INTO `users` (`email`, `password`, `no_telp`) VALUES (:email:, :password:, :no_telp:)', [...], false)
 4 SYSTEMPATH\Model.php(394): CodeIgniter\Database\BaseBuilder->insert()
 5 SYSTEMPATH\BaseModel.php(840): CodeIgniter\Model->doInsert([...])
 6 SYSTEMPATH\Model.php(802): CodeIgniter\BaseModel->insert([...], true)
 7 APPPATH\Controllers\AuthController.php(122): CodeIgniter\Model->insert([...])
 8 SYSTEMPATH\CodeIgniter.php(933): App\Controllers\AuthController->registerCheck()
 9 SYSTEMPATH\CodeIgniter.php(509): CodeIgniter\CodeIgniter->runController(Object(App\Controllers\AuthController))
10 SYSTEMPATH\CodeIgniter.php(355): CodeIgniter\CodeIgniter->handleRequest(null, Object(Config\Cache), false)
11 SYSTEMPATH\Boot.php(325): CodeIgniter\CodeIgniter->run()
12 SYSTEMPATH\Boot.php(67): CodeIgniter\Boot::runCodeIgniter(Object(CodeIgniter\CodeIgniter))
13 FCPATH\index.php(56): CodeIgniter\Boot::bootWeb(Object(Config\Paths))
14 SYSTEMPATH\Commands\Server\rewrite.php(49): require_once('C:\\xampp\\htdocs\\tb-smt5\\public\\index.php')
CRITICAL - 2024-07-04 13:35:35 --> [Caused by] mysqli_sql_exception: Table 'sms5_tb.users' doesn't exist
in SYSTEMPATH\Database\MySQLi\Connection.php on line 310.
 1 SYSTEMPATH\Database\MySQLi\Connection.php(310): mysqli->query('INSERT INTO `users` (`email`, `password`, `no_telp`) VALUES (\'socilu@mailinator.com\', \'$2y$10$bHUwPFRFDCZ.ms5wSGwxXOaguODecKmcGklCN//9SJ.84lLsJOK2e\', \'Deleniti rerum conse\')', 0)
 2 SYSTEMPATH\Database\BaseConnection.php(732): CodeIgniter\Database\MySQLi\Connection->execute('INSERT INTO `users` (`email`, `password`, `no_telp`) VALUES (\'socilu@mailinator.com\', \'$2y$10$bHUwPFRFDCZ.ms5wSGwxXOaguODecKmcGklCN//9SJ.84lLsJOK2e\', \'Deleniti rerum conse\')')
 3 SYSTEMPATH\Database\BaseConnection.php(646): CodeIgniter\Database\BaseConnection->simpleQuery('INSERT INTO `users` (`email`, `password`, `no_telp`) VALUES (\'socilu@mailinator.com\', \'$2y$10$bHUwPFRFDCZ.ms5wSGwxXOaguODecKmcGklCN//9SJ.84lLsJOK2e\', \'Deleniti rerum conse\')')
 4 SYSTEMPATH\Database\BaseBuilder.php(2333): CodeIgniter\Database\BaseConnection->query('INSERT INTO `users` (`email`, `password`, `no_telp`) VALUES (:email:, :password:, :no_telp:)', [...], false)
 5 SYSTEMPATH\Model.php(394): CodeIgniter\Database\BaseBuilder->insert()
 6 SYSTEMPATH\BaseModel.php(840): CodeIgniter\Model->doInsert([...])
 7 SYSTEMPATH\Model.php(802): CodeIgniter\BaseModel->insert([...], true)
 8 APPPATH\Controllers\AuthController.php(122): CodeIgniter\Model->insert([...])
 9 SYSTEMPATH\CodeIgniter.php(933): App\Controllers\AuthController->registerCheck()
10 SYSTEMPATH\CodeIgniter.php(509): CodeIgniter\CodeIgniter->runController(Object(App\Controllers\AuthController))
11 SYSTEMPATH\CodeIgniter.php(355): CodeIgniter\CodeIgniter->handleRequest(null, Object(Config\Cache), false)
12 SYSTEMPATH\Boot.php(325): CodeIgniter\CodeIgniter->run()
13 SYSTEMPATH\Boot.php(67): CodeIgniter\Boot::runCodeIgniter(Object(CodeIgniter\CodeIgniter))
14 FCPATH\index.php(56): CodeIgniter\Boot::bootWeb(Object(Config\Paths))
15 SYSTEMPATH\Commands\Server\rewrite.php(49): require_once('C:\\xampp\\htdocs\\tb-smt5\\public\\index.php')
ERROR - 2024-07-04 13:37:28 --> mysqli_sql_exception: Table 'sms5_tb.users' doesn't exist in C:\xampp\htdocs\tb-smt5\vendor\codeigniter4\framework\system\Database\MySQLi\Connection.php:310
Stack trace:
#0 C:\xampp\htdocs\tb-smt5\vendor\codeigniter4\framework\system\Database\MySQLi\Connection.php(310): mysqli->query('INSERT INTO `us...', 0)
#1 C:\xampp\htdocs\tb-smt5\vendor\codeigniter4\framework\system\Database\BaseConnection.php(732): CodeIgniter\Database\MySQLi\Connection->execute('INSERT INTO `us...')
#2 C:\xampp\htdocs\tb-smt5\vendor\codeigniter4\framework\system\Database\BaseConnection.php(646): CodeIgniter\Database\BaseConnection->simpleQuery('INSERT INTO `us...')
#3 C:\xampp\htdocs\tb-smt5\vendor\codeigniter4\framework\system\Database\BaseBuilder.php(2333): CodeIgniter\Database\BaseConnection->query('INSERT INTO `us...', Array, false)
#4 C:\xampp\htdocs\tb-smt5\vendor\codeigniter4\framework\system\Model.php(394): CodeIgniter\Database\BaseBuilder->insert()
#5 C:\xampp\htdocs\tb-smt5\vendor\codeigniter4\framework\system\BaseModel.php(840): CodeIgniter\Model->doInsert(Array)
#6 C:\xampp\htdocs\tb-smt5\vendor\codeigniter4\framework\system\Model.php(802): CodeIgniter\BaseModel->insert(Array, true)
#7 C:\xampp\htdocs\tb-smt5\app\Controllers\AuthController.php(122): CodeIgniter\Model->insert(Array)
#8 C:\xampp\htdocs\tb-smt5\vendor\codeigniter4\framework\system\CodeIgniter.php(933): App\Controllers\AuthController->registerCheck()
#9 C:\xampp\htdocs\tb-smt5\vendor\codeigniter4\framework\system\CodeIgniter.php(509): CodeIgniter\CodeIgniter->runController(Object(App\Controllers\AuthController))
#10 C:\xampp\htdocs\tb-smt5\vendor\codeigniter4\framework\system\CodeIgniter.php(355): CodeIgniter\CodeIgniter->handleRequest(NULL, Object(Config\Cache), false)
#11 C:\xampp\htdocs\tb-smt5\vendor\codeigniter4\framework\system\Boot.php(325): CodeIgniter\CodeIgniter->run()
#12 C:\xampp\htdocs\tb-smt5\vendor\codeigniter4\framework\system\Boot.php(67): CodeIgniter\Boot::runCodeIgniter(Object(CodeIgniter\CodeIgniter))
#13 C:\xampp\htdocs\tb-smt5\public\index.php(56): CodeIgniter\Boot::bootWeb(Object(Config\Paths))
#14 C:\xampp\htdocs\tb-smt5\vendor\codeigniter4\framework\system\Commands\Server\rewrite.php(49): require_once('C:\\xampp\\htdocs...')
#15 {main}
CRITICAL - 2024-07-04 13:37:28 --> CodeIgniter\Database\Exceptions\DatabaseException: Table 'sms5_tb.users' doesn't exist
[Method: POST, Route: auth/proses-register]
in SYSTEMPATH\Database\BaseConnection.php on line 686.
 1 SYSTEMPATH\Database\BaseBuilder.php(2333): CodeIgniter\Database\BaseConnection->query('INSERT INTO `users` (`email`, `password`, `no_telp`) VALUES (:email:, :password:, :no_telp:)', [...], false)
 2 SYSTEMPATH\Model.php(394): CodeIgniter\Database\BaseBuilder->insert()
 3 SYSTEMPATH\BaseModel.php(840): CodeIgniter\Model->doInsert([...])
 4 SYSTEMPATH\Model.php(802): CodeIgniter\BaseModel->insert([...], true)
 5 APPPATH\Controllers\AuthController.php(122): CodeIgniter\Model->insert([...])
 6 SYSTEMPATH\CodeIgniter.php(933): App\Controllers\AuthController->registerCheck()
 7 SYSTEMPATH\CodeIgniter.php(509): CodeIgniter\CodeIgniter->runController(Object(App\Controllers\AuthController))
 8 SYSTEMPATH\CodeIgniter.php(355): CodeIgniter\CodeIgniter->handleRequest(null, Object(Config\Cache), false)
 9 SYSTEMPATH\Boot.php(325): CodeIgniter\CodeIgniter->run()
10 SYSTEMPATH\Boot.php(67): CodeIgniter\Boot::runCodeIgniter(Object(CodeIgniter\CodeIgniter))
11 FCPATH\index.php(56): CodeIgniter\Boot::bootWeb(Object(Config\Paths))
12 SYSTEMPATH\Commands\Server\rewrite.php(49): require_once('C:\\xampp\\htdocs\\tb-smt5\\public\\index.php')
CRITICAL - 2024-07-04 13:37:28 --> [Caused by] CodeIgniter\Database\Exceptions\DatabaseException: Table 'sms5_tb.users' doesn't exist
in SYSTEMPATH\Database\MySQLi\Connection.php on line 315.
 1 SYSTEMPATH\Database\BaseConnection.php(732): CodeIgniter\Database\MySQLi\Connection->execute('INSERT INTO `users` (`email`, `password`, `no_telp`) VALUES (\'socilu@mailinator.com\', \'$2y$10$Mk.nvCxB5QFK6SAdGrfF9.r/qPks.KeNJm4WPrgSCOpj71MdEvYW.\', \'Deleniti rerum conse\')')
 2 SYSTEMPATH\Database\BaseConnection.php(646): CodeIgniter\Database\BaseConnection->simpleQuery('INSERT INTO `users` (`email`, `password`, `no_telp`) VALUES (\'socilu@mailinator.com\', \'$2y$10$Mk.nvCxB5QFK6SAdGrfF9.r/qPks.KeNJm4WPrgSCOpj71MdEvYW.\', \'Deleniti rerum conse\')')
 3 SYSTEMPATH\Database\BaseBuilder.php(2333): CodeIgniter\Database\BaseConnection->query('INSERT INTO `users` (`email`, `password`, `no_telp`) VALUES (:email:, :password:, :no_telp:)', [...], false)
 4 SYSTEMPATH\Model.php(394): CodeIgniter\Database\BaseBuilder->insert()
 5 SYSTEMPATH\BaseModel.php(840): CodeIgniter\Model->doInsert([...])
 6 SYSTEMPATH\Model.php(802): CodeIgniter\BaseModel->insert([...], true)
 7 APPPATH\Controllers\AuthController.php(122): CodeIgniter\Model->insert([...])
 8 SYSTEMPATH\CodeIgniter.php(933): App\Controllers\AuthController->registerCheck()
 9 SYSTEMPATH\CodeIgniter.php(509): CodeIgniter\CodeIgniter->runController(Object(App\Controllers\AuthController))
10 SYSTEMPATH\CodeIgniter.php(355): CodeIgniter\CodeIgniter->handleRequest(null, Object(Config\Cache), false)
11 SYSTEMPATH\Boot.php(325): CodeIgniter\CodeIgniter->run()
12 SYSTEMPATH\Boot.php(67): CodeIgniter\Boot::runCodeIgniter(Object(CodeIgniter\CodeIgniter))
13 FCPATH\index.php(56): CodeIgniter\Boot::bootWeb(Object(Config\Paths))
14 SYSTEMPATH\Commands\Server\rewrite.php(49): require_once('C:\\xampp\\htdocs\\tb-smt5\\public\\index.php')
CRITICAL - 2024-07-04 13:37:28 --> [Caused by] mysqli_sql_exception: Table 'sms5_tb.users' doesn't exist
in SYSTEMPATH\Database\MySQLi\Connection.php on line 310.
 1 SYSTEMPATH\Database\MySQLi\Connection.php(310): mysqli->query('INSERT INTO `users` (`email`, `password`, `no_telp`) VALUES (\'socilu@mailinator.com\', \'$2y$10$Mk.nvCxB5QFK6SAdGrfF9.r/qPks.KeNJm4WPrgSCOpj71MdEvYW.\', \'Deleniti rerum conse\')', 0)
 2 SYSTEMPATH\Database\BaseConnection.php(732): CodeIgniter\Database\MySQLi\Connection->execute('INSERT INTO `users` (`email`, `password`, `no_telp`) VALUES (\'socilu@mailinator.com\', \'$2y$10$Mk.nvCxB5QFK6SAdGrfF9.r/qPks.KeNJm4WPrgSCOpj71MdEvYW.\', \'Deleniti rerum conse\')')
 3 SYSTEMPATH\Database\BaseConnection.php(646): CodeIgniter\Database\BaseConnection->simpleQuery('INSERT INTO `users` (`email`, `password`, `no_telp`) VALUES (\'socilu@mailinator.com\', \'$2y$10$Mk.nvCxB5QFK6SAdGrfF9.r/qPks.KeNJm4WPrgSCOpj71MdEvYW.\', \'Deleniti rerum conse\')')
 4 SYSTEMPATH\Database\BaseBuilder.php(2333): CodeIgniter\Database\BaseConnection->query('INSERT INTO `users` (`email`, `password`, `no_telp`) VALUES (:email:, :password:, :no_telp:)', [...], false)
 5 SYSTEMPATH\Model.php(394): CodeIgniter\Database\BaseBuilder->insert()
 6 SYSTEMPATH\BaseModel.php(840): CodeIgniter\Model->doInsert([...])
 7 SYSTEMPATH\Model.php(802): CodeIgniter\BaseModel->insert([...], true)
 8 APPPATH\Controllers\AuthController.php(122): CodeIgniter\Model->insert([...])
 9 SYSTEMPATH\CodeIgniter.php(933): App\Controllers\AuthController->registerCheck()
10 SYSTEMPATH\CodeIgniter.php(509): CodeIgniter\CodeIgniter->runController(Object(App\Controllers\AuthController))
11 SYSTEMPATH\CodeIgniter.php(355): CodeIgniter\CodeIgniter->handleRequest(null, Object(Config\Cache), false)
12 SYSTEMPATH\Boot.php(325): CodeIgniter\CodeIgniter->run()
13 SYSTEMPATH\Boot.php(67): CodeIgniter\Boot::runCodeIgniter(Object(CodeIgniter\CodeIgniter))
14 FCPATH\index.php(56): CodeIgniter\Boot::bootWeb(Object(Config\Paths))
15 SYSTEMPATH\Commands\Server\rewrite.php(49): require_once('C:\\xampp\\htdocs\\tb-smt5\\public\\index.php')
INFO - 2024-07-04 13:38:06 --> Session: Class initialized using 'CodeIgniter\Session\Handlers\FileHandler' driver.
INFO - 2024-07-04 13:38:43 --> Session: Class initialized using 'CodeIgniter\Session\Handlers\FileHandler' driver.
INFO - 2024-07-04 13:39:51 --> Session: Class initialized using 'CodeIgniter\Session\Handlers\FileHandler' driver.
INFO - 2024-07-04 13:40:00 --> Session: Class initialized using 'CodeIgniter\Session\Handlers\FileHandler' driver.
INFO - 2024-07-04 13:40:00 --> Session: Class initialized using 'CodeIgniter\Session\Handlers\FileHandler' driver.
INFO - 2024-07-04 13:41:51 --> Session: Class initialized using 'CodeIgniter\Session\Handlers\FileHandler' driver.
INFO - 2024-07-04 13:43:27 --> Session: Class initialized using 'CodeIgniter\Session\Handlers\FileHandler' driver.
INFO - 2024-07-04 13:43:36 --> Session: Class initialized using 'CodeIgniter\Session\Handlers\FileHandler' driver.
INFO - 2024-07-04 13:52:00 --> Session: Class initialized using 'CodeIgniter\Session\Handlers\FileHandler' driver.
INFO - 2024-07-04 13:52:24 --> Session: Class initialized using 'CodeIgniter\Session\Handlers\FileHandler' driver.
INFO - 2024-07-04 13:52:27 --> Session: Class initialized using 'CodeIgniter\Session\Handlers\FileHandler' driver.
INFO - 2024-07-04 13:52:36 --> Session: Class initialized using 'CodeIgniter\Session\Handlers\FileHandler' driver.
INFO - 2024-07-04 13:53:48 --> Session: Class initialized using 'CodeIgniter\Session\Handlers\FileHandler' driver.
INFO - 2024-07-04 14:12:16 --> Session: Class initialized using 'CodeIgniter\Session\Handlers\FileHandler' driver.
INFO - 2024-07-04 14:14:21 --> Session: Class initialized using 'CodeIgniter\Session\Handlers\FileHandler' driver.
INFO - 2024-07-04 14:15:09 --> Session: Class initialized using 'CodeIgniter\Session\Handlers\FileHandler' driver.
INFO - 2024-07-04 14:19:26 --> Session: Class initialized using 'CodeIgniter\Session\Handlers\FileHandler' driver.
INFO - 2024-07-04 14:20:58 --> Session: Class initialized using 'CodeIgniter\Session\Handlers\FileHandler' driver.
INFO - 2024-07-04 14:21:57 --> Session: Class initialized using 'CodeIgniter\Session\Handlers\FileHandler' driver.
INFO - 2024-07-04 14:22:04 --> Session: Class initialized using 'CodeIgniter\Session\Handlers\FileHandler' driver.
INFO - 2024-07-04 14:22:34 --> Session: Class initialized using 'CodeIgniter\Session\Handlers\FileHandler' driver.
INFO - 2024-07-04 14:22:38 --> Session: Class initialized using 'CodeIgniter\Session\Handlers\FileHandler' driver.
INFO - 2024-07-04 14:22:43 --> Session: Class initialized using 'CodeIgniter\Session\Handlers\FileHandler' driver.
INFO - 2024-07-04 14:22:44 --> Session: Class initialized using 'CodeIgniter\Session\Handlers\FileHandler' driver.
INFO - 2024-07-04 14:22:49 --> Session: Class initialized using 'CodeIgniter\Session\Handlers\FileHandler' driver.
INFO - 2024-07-04 14:22:50 --> Session: Class initialized using 'CodeIgniter\Session\Handlers\FileHandler' driver.
INFO - 2024-07-04 14:23:13 --> Session: Class initialized using 'CodeIgniter\Session\Handlers\FileHandler' driver.
INFO - 2024-07-04 14:23:18 --> Session: Class initialized using 'CodeIgniter\Session\Handlers\FileHandler' driver.
INFO - 2024-07-04 14:23:21 --> Session: Class initialized using 'CodeIgniter\Session\Handlers\FileHandler' driver.
INFO - 2024-07-04 14:23:22 --> Session: Class initialized using 'CodeIgniter\Session\Handlers\FileHandler' driver.
INFO - 2024-07-04 14:23:33 --> Session: Class initialized using 'CodeIgniter\Session\Handlers\FileHandler' driver.
INFO - 2024-07-04 14:24:17 --> Session: Class initialized using 'CodeIgniter\Session\Handlers\FileHandler' driver.
INFO - 2024-07-04 14:24:22 --> Session: Class initialized using 'CodeIgniter\Session\Handlers\FileHandler' driver.
INFO - 2024-07-04 14:25:13 --> Session: Class initialized using 'CodeIgniter\Session\Handlers\FileHandler' driver.
INFO - 2024-07-04 14:25:15 --> Session: Class initialized using 'CodeIgniter\Session\Handlers\FileHandler' driver.
INFO - 2024-07-04 14:29:30 --> Session: Class initialized using 'CodeIgniter\Session\Handlers\FileHandler' driver.
INFO - 2024-07-04 14:29:34 --> Session: Class initialized using 'CodeIgniter\Session\Handlers\FileHandler' driver.
INFO - 2024-07-04 14:30:18 --> Session: Class initialized using 'CodeIgniter\Session\Handlers\FileHandler' driver.
INFO - 2024-07-04 14:30:30 --> Session: Class initialized using 'CodeIgniter\Session\Handlers\FileHandler' driver.
INFO - 2024-07-04 14:31:38 --> Session: Class initialized using 'CodeIgniter\Session\Handlers\FileHandler' driver.
INFO - 2024-07-04 14:33:07 --> Session: Class initialized using 'CodeIgniter\Session\Handlers\FileHandler' driver.
INFO - 2024-07-04 14:33:22 --> Session: Class initialized using 'CodeIgniter\Session\Handlers\FileHandler' driver.
INFO - 2024-07-04 14:37:54 --> Session: Class initialized using 'CodeIgniter\Session\Handlers\FileHandler' driver.
INFO - 2024-07-04 14:39:00 --> Session: Class initialized using 'CodeIgniter\Session\Handlers\FileHandler' driver.
INFO - 2024-07-04 14:39:09 --> Session: Class initialized using 'CodeIgniter\Session\Handlers\FileHandler' driver.
INFO - 2024-07-04 14:40:07 --> Session: Class initialized using 'CodeIgniter\Session\Handlers\FileHandler' driver.
INFO - 2024-07-04 14:40:21 --> Session: Class initialized using 'CodeIgniter\Session\Handlers\FileHandler' driver.
INFO - 2024-07-04 14:44:20 --> Session: Class initialized using 'CodeIgniter\Session\Handlers\FileHandler' driver.
INFO - 2024-07-04 14:44:56 --> Session: Class initialized using 'CodeIgniter\Session\Handlers\FileHandler' driver.
INFO - 2024-07-04 14:45:57 --> Session: Class initialized using 'CodeIgniter\Session\Handlers\FileHandler' driver.
INFO - 2024-07-04 14:47:12 --> Session: Class initialized using 'CodeIgniter\Session\Handlers\FileHandler' driver.
INFO - 2024-07-04 14:47:35 --> Session: Class initialized using 'CodeIgniter\Session\Handlers\FileHandler' driver.
INFO - 2024-07-04 14:50:39 --> Session: Class initialized using 'CodeIgniter\Session\Handlers\FileHandler' driver.
INFO - 2024-07-04 14:50:45 --> Session: Class initialized using 'CodeIgniter\Session\Handlers\FileHandler' driver.
INFO - 2024-07-04 14:51:21 --> Session: Class initialized using 'CodeIgniter\Session\Handlers\FileHandler' driver.
INFO - 2024-07-04 14:51:46 --> Session: Class initialized using 'CodeIgniter\Session\Handlers\FileHandler' driver.
INFO - 2024-07-04 14:51:47 --> Session: Class initialized using 'CodeIgniter\Session\Handlers\FileHandler' driver.
INFO - 2024-07-04 14:51:50 --> Session: Class initialized using 'CodeIgniter\Session\Handlers\FileHandler' driver.
INFO - 2024-07-04 15:00:22 --> Session: Class initialized using 'CodeIgniter\Session\Handlers\FileHandler' driver.
INFO - 2024-07-04 15:13:41 --> Session: Class initialized using 'CodeIgniter\Session\Handlers\FileHandler' driver.
INFO - 2024-07-04 15:14:01 --> Session: Class initialized using 'CodeIgniter\Session\Handlers\FileHandler' driver.
INFO - 2024-07-04 15:14:14 --> Session: Class initialized using 'CodeIgniter\Session\Handlers\FileHandler' driver.
INFO - 2024-07-04 15:14:47 --> Session: Class initialized using 'CodeIgniter\Session\Handlers\FileHandler' driver.
INFO - 2024-07-04 15:15:09 --> Session: Class initialized using 'CodeIgniter\Session\Handlers\FileHandler' driver.
INFO - 2024-07-04 15:19:12 --> Session: Class initialized using 'CodeIgniter\Session\Handlers\FileHandler' driver.
INFO - 2024-07-04 15:19:48 --> Session: Class initialized using 'CodeIgniter\Session\Handlers\FileHandler' driver.
INFO - 2024-07-04 15:20:41 --> Session: Class initialized using 'CodeIgniter\Session\Handlers\FileHandler' driver.
INFO - 2024-07-04 15:22:14 --> Session: Class initialized using 'CodeIgniter\Session\Handlers\FileHandler' driver.
INFO - 2024-07-04 15:22:43 --> Session: Class initialized using 'CodeIgniter\Session\Handlers\FileHandler' driver.
INFO - 2024-07-04 15:23:06 --> Session: Class initialized using 'CodeIgniter\Session\Handlers\FileHandler' driver.
INFO - 2024-07-04 15:23:12 --> Session: Class initialized using 'CodeIgniter\Session\Handlers\FileHandler' driver.
INFO - 2024-07-04 15:24:34 --> Session: Class initialized using 'CodeIgniter\Session\Handlers\FileHandler' driver.
INFO - 2024-07-04 15:24:47 --> Session: Class initialized using 'CodeIgniter\Session\Handlers\FileHandler' driver.
INFO - 2024-07-04 15:25:48 --> Session: Class initialized using 'CodeIgniter\Session\Handlers\FileHandler' driver.
INFO - 2024-07-04 15:44:05 --> Session: Class initialized using 'CodeIgniter\Session\Handlers\FileHandler' driver.
INFO - 2024-07-04 15:44:20 --> Session: Class initialized using 'CodeIgniter\Session\Handlers\FileHandler' driver.
INFO - 2024-07-04 15:48:15 --> Session: Class initialized using 'CodeIgniter\Session\Handlers\FileHandler' driver.
INFO - 2024-07-04 15:48:56 --> Session: Class initialized using 'CodeIgniter\Session\Handlers\FileHandler' driver.
CRITICAL - 2024-07-04 15:48:59 --> ErrorException: Array to string conversion
[Method: POST, Route: auth/proses-login]
in APPPATH\Controllers\AuthController.php on line 56.
 1 APPPATH\Controllers\AuthController.php(56): CodeIgniter\Debug\Exceptions->errorHandler(2, 'Array to string conversion', 'C:\\xampp\\htdocs\\tb-smt5\\app\\Controllers\\AuthController.php', 56)
 2 SYSTEMPATH\CodeIgniter.php(933): App\Controllers\AuthController->loginCheck()
 3 SYSTEMPATH\CodeIgniter.php(509): CodeIgniter\CodeIgniter->runController(Object(App\Controllers\AuthController))
 4 SYSTEMPATH\CodeIgniter.php(355): CodeIgniter\CodeIgniter->handleRequest(null, Object(Config\Cache), false)
 5 SYSTEMPATH\Boot.php(325): CodeIgniter\CodeIgniter->run()
 6 SYSTEMPATH\Boot.php(67): CodeIgniter\Boot::runCodeIgniter(Object(CodeIgniter\CodeIgniter))
 7 FCPATH\index.php(56): CodeIgniter\Boot::bootWeb(Object(Config\Paths))
 8 SYSTEMPATH\Commands\Server\rewrite.php(49): require_once('C:\\xampp\\htdocs\\tb-smt5\\public\\index.php')
INFO - 2024-07-04 15:49:06 --> Session: Class initialized using 'CodeIgniter\Session\Handlers\FileHandler' driver.
CRITICAL - 2024-07-04 15:49:10 --> ErrorException: Array to string conversion
[Method: POST, Route: auth/proses-login]
in APPPATH\Controllers\AuthController.php on line 56.
 1 APPPATH\Controllers\AuthController.php(56): CodeIgniter\Debug\Exceptions->errorHandler(2, 'Array to string conversion', 'C:\\xampp\\htdocs\\tb-smt5\\app\\Controllers\\AuthController.php', 56)
 2 SYSTEMPATH\CodeIgniter.php(933): App\Controllers\AuthController->loginCheck()
 3 SYSTEMPATH\CodeIgniter.php(509): CodeIgniter\CodeIgniter->runController(Object(App\Controllers\AuthController))
 4 SYSTEMPATH\CodeIgniter.php(355): CodeIgniter\CodeIgniter->handleRequest(null, Object(Config\Cache), false)
 5 SYSTEMPATH\Boot.php(325): CodeIgniter\CodeIgniter->run()
 6 SYSTEMPATH\Boot.php(67): CodeIgniter\Boot::runCodeIgniter(Object(CodeIgniter\CodeIgniter))
 7 FCPATH\index.php(56): CodeIgniter\Boot::bootWeb(Object(Config\Paths))
 8 SYSTEMPATH\Commands\Server\rewrite.php(49): require_once('C:\\xampp\\htdocs\\tb-smt5\\public\\index.php')
INFO - 2024-07-04 15:49:24 --> Session: Class initialized using 'CodeIgniter\Session\Handlers\FileHandler' driver.
INFO - 2024-07-04 15:49:49 --> Session: Class initialized using 'CodeIgniter\Session\Handlers\FileHandler' driver.
INFO - 2024-07-04 15:50:24 --> Session: Class initialized using 'CodeIgniter\Session\Handlers\FileHandler' driver.
INFO - 2024-07-04 15:50:46 --> Session: Class initialized using 'CodeIgniter\Session\Handlers\FileHandler' driver.
INFO - 2024-07-04 15:52:24 --> Session: Class initialized using 'CodeIgniter\Session\Handlers\FileHandler' driver.
INFO - 2024-07-04 15:53:45 --> Session: Class initialized using 'CodeIgniter\Session\Handlers\FileHandler' driver.
INFO - 2024-07-04 15:54:21 --> Session: Class initialized using 'CodeIgniter\Session\Handlers\FileHandler' driver.
INFO - 2024-07-04 15:55:17 --> Session: Class initialized using 'CodeIgniter\Session\Handlers\FileHandler' driver.
INFO - 2024-07-04 15:55:18 --> Session: Class initialized using 'CodeIgniter\Session\Handlers\FileHandler' driver.
INFO - 2024-07-04 15:55:39 --> Session: Class initialized using 'CodeIgniter\Session\Handlers\FileHandler' driver.
INFO - 2024-07-04 15:57:44 --> Session: Class initialized using 'CodeIgniter\Session\Handlers\FileHandler' driver.
INFO - 2024-07-04 15:58:12 --> Session: Class initialized using 'CodeIgniter\Session\Handlers\FileHandler' driver.
INFO - 2024-07-04 15:58:21 --> Session: Class initialized using 'CodeIgniter\Session\Handlers\FileHandler' driver.
INFO - 2024-07-04 15:58:54 --> Session: Class initialized using 'CodeIgniter\Session\Handlers\FileHandler' driver.
CRITICAL - 2024-07-04 15:58:59 --> Error: Object of class CodeIgniter\Validation\Validation could not be converted to string
[Method: POST, Route: auth/proses-login]
in APPPATH\Controllers\AuthController.php on line 65.
 1 SYSTEMPATH\CodeIgniter.php(933): App\Controllers\AuthController->loginCheck()
 2 SYSTEMPATH\CodeIgniter.php(509): CodeIgniter\CodeIgniter->runController(Object(App\Controllers\AuthController))
 3 SYSTEMPATH\CodeIgniter.php(355): CodeIgniter\CodeIgniter->handleRequest(null, Object(Config\Cache), false)
 4 SYSTEMPATH\Boot.php(325): CodeIgniter\CodeIgniter->run()
 5 SYSTEMPATH\Boot.php(67): CodeIgniter\Boot::runCodeIgniter(Object(CodeIgniter\CodeIgniter))
 6 FCPATH\index.php(56): CodeIgniter\Boot::bootWeb(Object(Config\Paths))
 7 SYSTEMPATH\Commands\Server\rewrite.php(49): require_once('C:\\xampp\\htdocs\\tb-smt5\\public\\index.php')
CRITICAL - 2024-07-04 15:59:01 --> Error: Object of class CodeIgniter\Validation\Validation could not be converted to string
[Method: POST, Route: auth/proses-login]
in APPPATH\Controllers\AuthController.php on line 65.
 1 SYSTEMPATH\CodeIgniter.php(933): App\Controllers\AuthController->loginCheck()
 2 SYSTEMPATH\CodeIgniter.php(509): CodeIgniter\CodeIgniter->runController(Object(App\Controllers\AuthController))
 3 SYSTEMPATH\CodeIgniter.php(355): CodeIgniter\CodeIgniter->handleRequest(null, Object(Config\Cache), false)
 4 SYSTEMPATH\Boot.php(325): CodeIgniter\CodeIgniter->run()
 5 SYSTEMPATH\Boot.php(67): CodeIgniter\Boot::runCodeIgniter(Object(CodeIgniter\CodeIgniter))
 6 FCPATH\index.php(56): CodeIgniter\Boot::bootWeb(Object(Config\Paths))
 7 SYSTEMPATH\Commands\Server\rewrite.php(49): require_once('C:\\xampp\\htdocs\\tb-smt5\\public\\index.php')
INFO - 2024-07-04 15:59:32 --> Session: Class initialized using 'CodeIgniter\Session\Handlers\FileHandler' driver.
INFO - 2024-07-04 15:59:41 --> Session: Class initialized using 'CodeIgniter\Session\Handlers\FileHandler' driver.
INFO - 2024-07-04 15:59:59 --> Session: Class initialized using 'CodeIgniter\Session\Handlers\FileHandler' driver.
INFO - 2024-07-04 16:03:56 --> Session: Class initialized using 'CodeIgniter\Session\Handlers\FileHandler' driver.
INFO - 2024-07-04 16:04:11 --> Session: Class initialized using 'CodeIgniter\Session\Handlers\FileHandler' driver.
INFO - 2024-07-04 16:04:27 --> Session: Class initialized using 'CodeIgniter\Session\Handlers\FileHandler' driver.
INFO - 2024-07-04 16:07:59 --> Session: Class initialized using 'CodeIgniter\Session\Handlers\FileHandler' driver.
INFO - 2024-07-04 16:09:50 --> Session: Class initialized using 'CodeIgniter\Session\Handlers\FileHandler' driver.
INFO - 2024-07-04 16:10:14 --> Session: Class initialized using 'CodeIgniter\Session\Handlers\FileHandler' driver.
INFO - 2024-07-04 16:10:15 --> Session: Class initialized using 'CodeIgniter\Session\Handlers\FileHandler' driver.
INFO - 2024-07-04 16:13:52 --> Session: Class initialized using 'CodeIgniter\Session\Handlers\FileHandler' driver.
INFO - 2024-07-04 16:13:53 --> Session: Class initialized using 'CodeIgniter\Session\Handlers\FileHandler' driver.
INFO - 2024-07-04 16:14:32 --> Session: Class initialized using 'CodeIgniter\Session\Handlers\FileHandler' driver.
INFO - 2024-07-04 16:14:33 --> Session: Class initialized using 'CodeIgniter\Session\Handlers\FileHandler' driver.
INFO - 2024-07-04 16:15:13 --> Session: Class initialized using 'CodeIgniter\Session\Handlers\FileHandler' driver.
INFO - 2024-07-04 16:15:28 --> Session: Class initialized using 'CodeIgniter\Session\Handlers\FileHandler' driver.
